[2020-09-11 23:01:34.070][info][main:15]: Lua Lsp startup, root: 	C:/Users/alihs/AppData/Roaming/Sublime Text/Packages/LSP-lua
[2020-09-11 23:01:34.072][debug][main:16]: ROOT:	C:/Users/alihs/AppData/Roaming/Sublime Text/Packages/LSP-lua
[2020-09-11 23:01:34.073][debug]: cannot open C:\Users\alihs\AppData\Roaming\Sublime Text\Packages/LSP-lua/debugger.lua: No such file or directory
[2020-09-11 23:01:36.001][info][script.language:125]: VSC language: en-us
[2020-09-11 23:01:36.001][info][script.language:126]: LS  language: en-us
[2020-09-11 23:01:41.795][debug][script.async.async:55]: Create thread, id: 	1	task: 	proto
[2020-09-11 23:01:41.841][debug][script.service:886]: collectgarbage: 	0.046
[2020-09-11 23:01:41.842][debug][script.service:957]: 
State
Main Mem:  [21165.106]kb
#001 Mem:  <Unknown>
-------------------
CachedVM:  [0]
AlivedVM:  [0]
DeadVM:    [0]
-------------------
CachedSrc: [0]
AlivedSrc: [1]
DeadSrc:   [0]
-------------------
CachedFunc:[0]
AlivedFunc:[0]
DeadFunc:  [0]
-------------------
TotalVal:  [0]
DeadVal:   [0]
-------------------
TotalLoc:  [0]
TotalEmmy: [458]

[2020-09-11 23:01:41.843][debug][script.service:999]: test memory: 	0.000
[2020-09-11 23:01:41.862][info][script.method.initialize:22]: {
	capabilities = {
		textDocument = {
			codeAction = {
				codeActionLiteralSupport = {
					codeActionKind = {
						valueSet = {
							[1] = "quickfix",
							[2] = "refactor",
							[3] = "refactor.extract",
							[4] = "refactor.inline",
							[5] = "refactor.rewrite",
							[6] = "source.organizeImports",
						},
					},
				},
				dynamicRegistration = true,
			},
			colorProvider = {
				dynamicRegistration = true,
			},
			completion = {
				completionItem = {
					deprecatedSupport = true,
					documentationFormat = {
						[1] = "markdown",
						[2] = "plaintext",
					},
					snippetSupport = true,
					tagSupport = {
						valueSet = {
							[1] = 1,
						},
					},
				},
				completionItemKind = {
					valueSet = {
						[01] = 1,
						[02] = 2,
						[03] = 3,
						[04] = 4,
						[05] = 5,
						[06] = 6,
						[07] = 7,
						[08] = 8,
						[09] = 9,
						[10] = 10,
						[11] = 11,
						[12] = 12,
						[13] = 13,
						[14] = 14,
						[15] = 15,
						[16] = 16,
						[17] = 17,
						[18] = 18,
						[19] = 19,
						[20] = 20,
						[21] = 21,
						[22] = 22,
						[23] = 23,
						[24] = 24,
						[25] = 25,
					},
				},
				dynamicRegistration = true,
			},
			declaration = {
				dynamicRegistration = true,
				linkSupport = true,
			},
			definition = {
				dynamicRegistration = true,
				linkSupport = true,
			},
			documentHighlight = {
				dynamicRegistration = true,
			},
			documentSymbol = {
				["hierarchicalDocumentSymbolSupport"] = true,
				dynamicRegistration = true,
				symbolKind = {
					valueSet = {
						[01] = 1,
						[02] = 2,
						[03] = 3,
						[04] = 4,
						[05] = 5,
						[06] = 6,
						[07] = 7,
						[08] = 8,
						[09] = 9,
						[10] = 10,
						[11] = 11,
						[12] = 12,
						[13] = 13,
						[14] = 14,
						[15] = 15,
						[16] = 16,
						[17] = 17,
						[18] = 18,
						[19] = 19,
						[20] = 20,
						[21] = 21,
						[22] = 22,
						[23] = 23,
						[24] = 24,
						[25] = 25,
						[26] = 26,
					},
				},
			},
			formatting = {
				dynamicRegistration = true,
			},
			hover = {
				contentFormat = {
					[1] = "markdown",
					[2] = "plaintext",
				},
				dynamicRegistration = true,
			},
			implementation = {
				dynamicRegistration = true,
				linkSupport = true,
			},
			publishDiagnostics = {
				relatedInformation = true,
			},
			rangeFormatting = {
				dynamicRegistration = true,
			},
			references = {
				dynamicRegistration = true,
			},
			rename = {
				dynamicRegistration = true,
				prepareSupport = true,
			},
			selectionRange = {
				dynamicRegistration = true,
			},
			signatureHelp = {
				dynamicRegistration = true,
				signatureInformation = {
					documentationFormat = {
						[1] = "markdown",
						[2] = "plaintext",
					},
					parameterInformation = {
						labelOffsetSupport = true,
					},
				},
			},
			synchronization = {
				didSave = true,
				dynamicRegistration = true,
				willSave = true,
				willSaveWaitUntil = true,
			},
			typeDefinition = {
				dynamicRegistration = true,
				linkSupport = true,
			},
		},
		window = {
			workDoneProgress = true,
		},
		workspace = {
			applyEdit = true,
			configuration = true,
			didChangeConfiguration = {
				dynamicRegistration = true,
			},
			executeCommand = {
			},
			symbol = {
				dynamicRegistration = true,
				symbolKind = {
					valueSet = {
						[01] = 1,
						[02] = 2,
						[03] = 3,
						[04] = 4,
						[05] = 5,
						[06] = 6,
						[07] = 7,
						[08] = 8,
						[09] = 9,
						[10] = 10,
						[11] = 11,
						[12] = 12,
						[13] = 13,
						[14] = 14,
						[15] = 15,
						[16] = 16,
						[17] = 17,
						[18] = 18,
						[19] = 19,
						[20] = 20,
						[21] = 21,
						[22] = 22,
						[23] = 23,
						[24] = 24,
						[25] = 25,
						[26] = 26,
					},
				},
			},
			workspaceEdit = {
				documentChanges = true,
				failureHandling = "abort",
			},
			workspaceFolders = true,
		},
	},
	clientInfo = {
		name = "Sublime Text LSP",
		version = "1.0.12",
	},
	initializationOptions = {
	},
	processId = 2424,
	rootPath = "C:\\Users\\alihs\\OneDrive\\Desktop\\Not-School\\Projects",
	rootUri = "file:///C:/Users/alihs/OneDrive/Desktop/Not-School/Projects",
	workspaceFolders = {
		[1] = {
			name = "Projects",
			uri = "file:///C:/Users/alihs/OneDrive/Desktop/Not-School/Projects",
		},
	},
}
[2020-09-11 23:01:41.862][info][script.service:181]: Add workspace	Projects	file:///C:/Users/alihs/OneDrive/Desktop/Not-School/Projects
[2020-09-11 23:01:41.865][debug][script.async.async:55]: Create thread, id: 	2	task: 	loadfile
[2020-09-11 23:01:41.865][info][script.workspace:145]: Workspace inited, root: 	c:/Users/alihs/OneDrive/Desktop/Not-School/Projects
[2020-09-11 23:01:41.865][info][script.workspace:146]: Workspace inited, uri: 	file:///C:/Users/alihs/OneDrive/Desktop/Not-School/Projects
[2020-09-11 23:01:41.865][info][script.workspace:148]: Log path: 	C:/Users/alihs/AppData/Roaming/Sublime Text/Packages/LSP-lua/log/file_C_Users_alihs_OneDrive_Desktop_Not-School_Projects.log
[2020-09-11 23:01:42.017][debug][script.service:125]: clearDiagnostics	file:///C:/Users/alihs/OneDrive/Desktop/Not-School/Projects/lmao.lua
[2020-09-11 23:01:42.085][debug][script.config:209]: Config update: 	{
	color = {
		mode = "Semantic",
	},
	completion = {
		callSnippet = "Disable",
		displayContext = 6,
		enable = true,
		fastAutocompletion = false,
		keywordSnippet = "Replace",
	},
	diagnostics = {
		datamodelAsIgnore = true,
		disable = {
		},
		enable = true,
		globals = {
		},
		ignore = {
		},
		severity = {
			["ambiguity-1"] = "Warning",
			["deprecated-rbx-member"] = "Information",
			["duplicate-index"] = "Warning",
			["duplicate-method"] = "Warning",
			["emmy-lua"] = "Warning",
			["empty-block"] = "Hint",
			["global-in-nil-env"] = "Warning",
			["incorrect-call-arguments"] = "Warning",
			["invalid-rbx-classname"] = "Warning",
			["lowercase-global"] = "Information",
			["newfield-call"] = "Warning",
			["newline-call"] = "Information",
			["redefined-local"] = "Information",
			["redundant-parameter"] = "Information",
			["redundant-value"] = "Warning",
			["set-const"] = "Error",
			["set-for-state"] = "Warning",
			["trailing-space"] = "Hint",
			["undefined-env-child"] = "Information",
			["undefined-global"] = "Warning",
			["undefined-rbx-member"] = "Warning",
			["unknown-symbol"] = "Warning",
			["unused-function"] = "Hint",
			["unused-label"] = "Hint",
			["unused-local"] = "Hint",
			["unused-vararg"] = "Hint",
		},
		syntax = true,
	},
	hover = {
		enable = true,
		viewNumber = true,
		viewString = true,
		viewStringMax = 1000,
	},
	plugin = {
		enable = false,
		path = ".vscode/lua-plugin/*.lua",
	},
	runtime = {
		library = {
		},
		path = {
			[1] = "?.lua",
			[2] = "?/init.lua",
			[3] = "?/?.lua",
		},
		version = "Lua 5.3",
	},
	signatureHelp = {
		enable = true,
	},
	workspace = {
		ignoreDir = {
			[".vscode"] = true,
		},
		ignoreSubmodules = true,
		library = {
		},
		loadMode = "All Files",
		maxPreload = 300,
		preloadFileSize = 100,
		rojoProjectFile = "default",
		useGitIgnore = true,
	},
}	{
	associations = {
	},
	exclude = {
	},
}
[2020-09-11 23:01:42.276][debug][script.service:413]: reCompile:	1	1
[2020-09-11 23:01:42.335][debug][script.service:886]: collectgarbage: 	0.059
[2020-09-11 23:01:42.336][debug][script.service:957]: 
State
Main Mem:  [13044.185]kb
#001 Mem:  [78.077]kb
#002 Mem:  <Unknown>
-------------------
CachedVM:  [0]
AlivedVM:  [0]
DeadVM:    [0]
-------------------
CachedSrc: [0]
AlivedSrc: [1]
DeadSrc:   [0]
-------------------
CachedFunc:[0]
AlivedFunc:[0]
DeadFunc:  [0]
-------------------
TotalVal:  [415]
DeadVal:   [415]
-------------------
TotalLoc:  [0]
TotalEmmy: [10]

[2020-09-11 23:01:42.336][debug][script.service:999]: test memory: 	0.000
[2020-09-11 23:01:42.336][debug][script.capability.completion:27]: Enable completion.
[2020-09-11 23:01:42.337][debug][script.service:828]: reScanFiles
[2020-09-11 23:01:42.337][debug][script.service:125]: clearDiagnostics	file:///C:/Users/alihs/OneDrive/Desktop/Not-School/Projects/lmao.lua
[2020-09-11 23:01:42.362][debug][script.async.async:55]: Create thread, id: 	3	task: 	scanfiles
[2020-09-11 23:01:42.363][debug][script.config:209]: Config update: 	{
	color = {
		mode = "Semantic",
	},
	completion = {
		callSnippet = "Disable",
		displayContext = 6,
		enable = true,
		fastAutocompletion = false,
		keywordSnippet = "Replace",
	},
	diagnostics = {
		datamodelAsIgnore = true,
		disable = {
		},
		enable = true,
		globals = {
		},
		ignore = {
		},
		severity = {
			["ambiguity-1"] = "Warning",
			["deprecated-rbx-member"] = "Information",
			["duplicate-index"] = "Warning",
			["duplicate-method"] = "Warning",
			["emmy-lua"] = "Warning",
			["empty-block"] = "Hint",
			["global-in-nil-env"] = "Warning",
			["incorrect-call-arguments"] = "Warning",
			["invalid-rbx-classname"] = "Warning",
			["lowercase-global"] = "Information",
			["newfield-call"] = "Warning",
			["newline-call"] = "Information",
			["redefined-local"] = "Information",
			["redundant-parameter"] = "Information",
			["redundant-value"] = "Warning",
			["set-const"] = "Error",
			["set-for-state"] = "Warning",
			["trailing-space"] = "Hint",
			["undefined-env-child"] = "Information",
			["undefined-global"] = "Warning",
			["undefined-rbx-member"] = "Warning",
			["unknown-symbol"] = "Warning",
			["unused-function"] = "Hint",
			["unused-label"] = "Hint",
			["unused-local"] = "Hint",
			["unused-vararg"] = "Hint",
		},
		syntax = true,
	},
	hover = {
		enable = true,
		viewNumber = true,
		viewString = true,
		viewStringMax = 1000,
	},
	plugin = {
		enable = false,
		path = ".vscode/lua-plugin/*.lua",
	},
	runtime = {
		library = {
		},
		path = {
			[1] = "?.lua",
			[2] = "?/init.lua",
			[3] = "?/?.lua",
		},
		version = "Lua 5.3",
	},
	signatureHelp = {
		enable = true,
	},
	workspace = {
		ignoreDir = {
			[".vscode"] = true,
		},
		ignoreSubmodules = true,
		library = {
		},
		loadMode = "All Files",
		maxPreload = 300,
		preloadFileSize = 100,
		rojoProjectFile = "default",
		useGitIgnore = true,
	},
}	{
	associations = {
	},
	exclude = {
	},
}
[2020-09-11 23:01:42.363][debug][script.method.initialized:77]: client/registerCapability Success!
[2020-09-11 23:01:42.363][debug][script.service:125]: clearDiagnostics	file:///C:/Users/alihs/OneDrive/Desktop/Not-School/Projects/lmao.lua
[2020-09-11 23:01:42.383][debug][script.workspace:117]: Scanning:	c:/Users/alihs/OneDrive/Desktop/Not-School/Projects
[2020-09-11 23:01:42.383][debug][script.workspace:117]: Scan pattern:	{
	[1] = ".vscode",
}
[2020-09-11 23:01:42.383][debug][script.workspace:117]: Scan options:	{
	ignoreCase = true,
}
[2020-09-11 23:01:42.826][debug][script.service:65]: Task [textDocument/publishDiagnostics] takes [0.443]sec.
[2020-09-11 23:01:43.647][warn][script.service:560]: Compile Ast[file:///c%3A/Users/alihs/OneDrive/Desktop/Not-School/Projects/RobloxLsp/server/script/parser/relabel.lua] takes [0.118] sec, size [9.905]kb
[2020-09-11 23:01:43.862][info][script.workspace:111]: Scan finish, got	283	files.
[2020-09-11 23:01:43.881][debug][script.service:413]: reCompile:	71	71
[2020-09-11 23:01:43.928][debug][script.service:886]: collectgarbage: 	0.047
[2020-09-11 23:01:43.929][debug][script.service:957]: 
State
Main Mem:  [15122.058]kb
#001 Mem:  [80.136]kb
#002 Mem:  [106.008]kb
#003 Mem:  <Unknown>
-------------------
CachedVM:  [0]
AlivedVM:  [0]
DeadVM:    [0]
-------------------
CachedSrc: [0]
AlivedSrc: [1]
DeadSrc:   [1]
-------------------
CachedFunc:[0]
AlivedFunc:[0]
DeadFunc:  [0]
-------------------
TotalVal:  [362]
DeadVal:   [362]
-------------------
TotalLoc:  [0]
TotalEmmy: [10]

[2020-09-11 23:01:43.929][debug][script.service:999]: test memory: 	0.001
[2020-09-11 23:01:43.929][debug][script.service:125]: clearDiagnostics	file:///C:/Users/alihs/OneDrive/Desktop/Not-School/Projects/lmao.lua
[2020-09-11 23:01:45.484][debug][script.service:598]: Compile VM[file:///c%3A/Users/alihs/OneDrive/Desktop/Not-School/Projects/LSP-lua/script/parser/ast.lua] takes: 0.339 sec
[2020-09-11 23:01:47.918][debug][script.service:598]: Compile VM[file:///c%3A/Users/alihs/OneDrive/Desktop/Not-School/Projects/LSP-lua/script/emmy/manager.lua] takes: 0.222 sec
[2020-09-11 23:01:49.726][debug][script.service:598]: Compile VM[file:///c%3A/Users/alihs/OneDrive/Desktop/Not-School/Projects/LSP-lua/script/rbxapi.lua] takes: 0.272 sec
[2020-09-11 23:01:50.960][debug][script.service:598]: Compile VM[file:///c%3A/Users/alihs/OneDrive/Desktop/Not-School/Projects/LSP-lua/script/vm/vm.lua] takes: 0.277 sec
[2020-09-11 23:01:51.741][debug][script.service:598]: Compile VM[file:///c%3A/Users/alihs/OneDrive/Desktop/Not-School/Projects/RobloxLsp/server/script/core/completion.lua] takes: 0.366 sec
[2020-09-11 23:01:52.394][warn][script.service:560]: Compile Ast[file:///c%3A/Users/alihs/OneDrive/Desktop/Not-School/Projects/RobloxLsp/server/script/core/find_source.lua] takes [0.343] sec, size [1.731]kb
[2020-09-11 23:01:57.790][debug][script.service:598]: Compile VM[file:///c%3A/Users/alihs/OneDrive/Desktop/Not-School/Projects/LSP-lua/script/core/completion.lua] takes: 0.308 sec
[2020-09-11 23:01:58.354][debug][script.service:598]: Compile VM[file:///c%3A/Users/alihs/OneDrive/Desktop/Not-School/Projects/LSP-lua/script/vm/vm.lua] takes: 0.249 sec
[2020-09-11 23:01:59.203][warn][script.service:560]: Compile Ast[file:///c%3A/Users/alihs/OneDrive/Desktop/Not-School/Projects/LSP-lua/script/language.lua] takes [0.123] sec, size [3.449]kb
[2020-09-11 23:01:59.644][debug][script.service:598]: Compile VM[file:///c%3A/Users/alihs/OneDrive/Desktop/Not-School/Projects/LSP-lua/script/service.lua] takes: 0.264 sec
[2020-09-11 23:02:00.529][debug][script.service:598]: Compile VM[file:///c%3A/Users/alihs/OneDrive/Desktop/Not-School/Projects/LSP-lua/script/publish.lua] takes: 0.715 sec
[2020-09-11 23:02:01.229][error][script.vm.value:416]: ...oaming/Sublime Text/Packages/LSP-lua/script/vm\value.lua:416: bad argument #1 to 'for iterator' (table expected, got nil)
stack traceback:
	...oaming/Sublime Text/Packages/LSP-lua/script/vm\value.lua:416: in method 'mergeInfo'
	...oaming/Sublime Text/Packages/LSP-lua/script/vm\value.lua:444: in method 'mergeValue'
	...oaming/Sublime Text/Packages/LSP-lua/script/vm\value.lua:666: in upvalue 'callback'
	...g/Sublime Text/Packages/LSP-lua/script/emmy\typeUnit.lua:23: in local 'callback'
	...ng/Sublime Text/Packages/LSP-lua/script/emmy\manager.lua:51: in function <...ng/Sublime Text/Packages/LSP-lua/script/emmy\manager.lua:43>
	(...tail calls...)
	...g/Sublime Text/Packages/LSP-lua/script/emmy\typeUnit.lua:21: in method 'getClass'
	...aming/Sublime Text/Packages/LSP-lua/script/emmy\type.lua:36: in method 'eachClass'
	...oaming/Sublime Text/Packages/LSP-lua/script/vm\value.lua:664: in method 'setEmmy'
	...oaming/Sublime Text/Packages/LSP-lua/script/vm\local.lua:155: in method 'setEmmy'
	...a/Roaming/Sublime Text/Packages/LSP-lua/script/vm\vm.lua:1319: in function 'vm.manager.createLocal'
	...	(skipping 5 levels)
	...a/Roaming/Sublime Text/Packages/LSP-lua/script/vm\vm.lua:1179: in function 'vm.manager.doAction'
	...a/Roaming/Sublime Text/Packages/LSP-lua/script/vm\vm.lua:1201: in function 'vm.manager.doActions'
	...a/Roaming/Sublime Text/Packages/LSP-lua/script/vm\vm.lua:142: in function 'vm.manager.runFunction'
	...a/Roaming/Sublime Text/Packages/LSP-lua/script/vm\vm.lua:1221: in function 'vm.manager.callLeftFuncions'
	...a/Roaming/Sublime Text/Packages/LSP-lua/script/vm\vm.lua:1413: in function <...a/Roaming/Sublime Text/Packages/LSP-lua/script/vm\vm.lua:1400>
	[C]: in function 'xpcall'
	...a/Roaming/Sublime Text/Packages/LSP-lua/script/vm\vm.lua:1434: in function 'vm'
	...Roaming/Sublime Text/Packages/LSP-lua/script/service.lua:568: in method 'compileVM'
	...Roaming/Sublime Text/Packages/LSP-lua/script/service.lua:761: in function <...Roaming/Sublime Text/Packages/LSP-lua/script/service.lua:761>
	[C]: in function 'pcall'
	...Roaming/Sublime Text/Packages/LSP-lua/script/service.lua:761: in function <...Roaming/Sublime Text/Packages/LSP-lua/script/service.lua:756>
[2020-09-11 23:02:01.398][debug][script.service:598]: Compile VM[file:///c%3A/Users/alihs/OneDrive/Desktop/Not-School/Projects/LSP-lua/script/vm/value.lua] takes: 0.755 sec
[2020-09-11 23:02:04.140][debug][script.service:598]: Compile VM[file:///c%3A/Users/alihs/OneDrive/Desktop/Not-School/Projects/RobloxLsp/server/script/vm/vm.lua] takes: 0.231 sec
[2020-09-11 23:02:04.676][debug][script.service:598]: Compile VM[file:///c%3A/Users/alihs/OneDrive/Desktop/Not-School/Projects/RobloxLsp/server/script/service.lua] takes: 0.227 sec
[2020-09-11 23:02:04.866][warn][script.service:560]: Compile Ast[file:///c%3A/Users/alihs/OneDrive/Desktop/Not-School/Projects/RobloxLsp/server/script/workspace.lua] takes [0.110] sec, size [12.955]kb
[2020-09-11 23:02:05.919][warn][script.service:560]: Compile Ast[file:///c%3A/Users/alihs/OneDrive/Desktop/Not-School/Projects/RobloxLsp/server/script/vm/function.lua] takes [0.121] sec, size [14.308]kb
[2020-09-11 23:02:06.601][debug][script.service:598]: Compile VM[file:///c%3A/Users/alihs/OneDrive/Desktop/Not-School/Projects/RobloxLsp/server/script/core/completion.lua] takes: 0.202 sec
[2020-09-11 23:02:12.131][debug][script.service:125]: clearDiagnostics	file:///c%3A/Users/alihs/OneDrive/Desktop/Not-School/Projects/LSP-lua/script/vm/value.lua
[2020-09-11 23:02:42.166][debug][script.service:886]: collectgarbage: 	0.368
[2020-09-11 23:02:42.264][debug][script.service:957]: 
State
Main Mem:  [181837.852]kb
#001 Mem:  [73.202]kb
#002 Mem:  [117.389]kb
#003 Mem:  [81.196]kb
-------------------
CachedVM:  [283]
AlivedVM:  [283]
DeadVM:    [0]
-------------------
CachedSrc: [212783]
AlivedSrc: [213793]
DeadSrc:   [0]
-------------------
CachedFunc:[3222]
AlivedFunc:[3377]
DeadFunc:  [0]
-------------------
TotalVal:  [47531]
DeadVal:   [1726]
-------------------
TotalLoc:  [13906]
TotalEmmy: [564]

[2020-09-11 23:02:42.264][debug][script.service:999]: test memory: 	0.098
[2020-09-11 23:03:42.135][debug][script.service:886]: collectgarbage: 	0.328
[2020-09-11 23:03:42.233][debug][script.service:957]: 
State
Main Mem:  [181926.727]kb
#001 Mem:  [112.369]kb
#002 Mem:  [117.389]kb
#003 Mem:  [81.196]kb
-------------------
CachedVM:  [283]
AlivedVM:  [283]
DeadVM:    [0]
-------------------
CachedSrc: [212781]
AlivedSrc: [213791]
DeadSrc:   [0]
-------------------
CachedFunc:[3222]
AlivedFunc:[3377]
DeadFunc:  [0]
-------------------
TotalVal:  [47531]
DeadVal:   [1726]
-------------------
TotalLoc:  [13906]
TotalEmmy: [564]

[2020-09-11 23:03:42.233][debug][script.service:999]: test memory: 	0.098
[2020-09-11 23:04:14.647][info][script.method.shutdown:2]: Server shutdown.
[2020-09-11 23:04:14.660][info][script.method.exit:2]: Server exited.
