[2020-09-14 11:13:07.046][info][main:15]: Lua Lsp startup, root: 	C:/Users/alihs/AppData/Roaming/Sublime Text/Packages/LSP-lua
[2020-09-14 11:13:07.048][debug][main:16]: ROOT:	C:/Users/alihs/AppData/Roaming/Sublime Text/Packages/LSP-lua
[2020-09-14 11:13:07.049][debug]: cannot open C:\Users\alihs\AppData\Roaming\Sublime Text\Packages/LSP-lua/debugger.lua: No such file or directory
[2020-09-14 11:13:13.001][info][script.language:125]: VSC language: en-us
[2020-09-14 11:13:13.001][info][script.language:126]: LS  language: en-us
[2020-09-14 11:13:17.670][debug][script.async.async:55]: Create thread, id: 	1	task: 	proto
[2020-09-14 11:13:17.757][debug][script.service:886]: collectgarbage: 	0.038
[2020-09-14 11:13:17.758][debug][script.service:957]: 
State
Main Mem:  [21165.106]kb
#001 Mem:  <Unknown>
-------------------
CachedVM:  [0]
AlivedVM:  [0]
DeadVM:    [0]
-------------------
CachedSrc: [0]
AlivedSrc: [1]
DeadSrc:   [0]
-------------------
CachedFunc:[0]
AlivedFunc:[0]
DeadFunc:  [0]
-------------------
TotalVal:  [0]
DeadVal:   [0]
-------------------
TotalLoc:  [0]
TotalEmmy: [458]

[2020-09-14 11:13:17.758][debug][script.service:999]: test memory: 	0.001
[2020-09-14 11:13:17.765][info][script.method.initialize:22]: {
	capabilities = {
		textDocument = {
			codeAction = {
				codeActionLiteralSupport = {
					codeActionKind = {
						valueSet = {
							[1] = "quickfix",
							[2] = "refactor",
							[3] = "refactor.extract",
							[4] = "refactor.inline",
							[5] = "refactor.rewrite",
							[6] = "source.organizeImports",
						},
					},
				},
				dynamicRegistration = true,
			},
			colorProvider = {
				dynamicRegistration = true,
			},
			completion = {
				completionItem = {
					deprecatedSupport = true,
					documentationFormat = {
						[1] = "markdown",
						[2] = "plaintext",
					},
					snippetSupport = true,
					tagSupport = {
						valueSet = {
							[1] = 1,
						},
					},
				},
				completionItemKind = {
					valueSet = {
						[01] = 1,
						[02] = 2,
						[03] = 3,
						[04] = 4,
						[05] = 5,
						[06] = 6,
						[07] = 7,
						[08] = 8,
						[09] = 9,
						[10] = 10,
						[11] = 11,
						[12] = 12,
						[13] = 13,
						[14] = 14,
						[15] = 15,
						[16] = 16,
						[17] = 17,
						[18] = 18,
						[19] = 19,
						[20] = 20,
						[21] = 21,
						[22] = 22,
						[23] = 23,
						[24] = 24,
						[25] = 25,
					},
				},
				dynamicRegistration = true,
			},
			declaration = {
				dynamicRegistration = true,
				linkSupport = true,
			},
			definition = {
				dynamicRegistration = true,
				linkSupport = true,
			},
			documentHighlight = {
				dynamicRegistration = true,
			},
			documentSymbol = {
				["hierarchicalDocumentSymbolSupport"] = true,
				dynamicRegistration = true,
				symbolKind = {
					valueSet = {
						[01] = 1,
						[02] = 2,
						[03] = 3,
						[04] = 4,
						[05] = 5,
						[06] = 6,
						[07] = 7,
						[08] = 8,
						[09] = 9,
						[10] = 10,
						[11] = 11,
						[12] = 12,
						[13] = 13,
						[14] = 14,
						[15] = 15,
						[16] = 16,
						[17] = 17,
						[18] = 18,
						[19] = 19,
						[20] = 20,
						[21] = 21,
						[22] = 22,
						[23] = 23,
						[24] = 24,
						[25] = 25,
						[26] = 26,
					},
				},
			},
			formatting = {
				dynamicRegistration = true,
			},
			hover = {
				contentFormat = {
					[1] = "markdown",
					[2] = "plaintext",
				},
				dynamicRegistration = true,
			},
			implementation = {
				dynamicRegistration = true,
				linkSupport = true,
			},
			publishDiagnostics = {
				relatedInformation = true,
			},
			rangeFormatting = {
				dynamicRegistration = true,
			},
			references = {
				dynamicRegistration = true,
			},
			rename = {
				dynamicRegistration = true,
				prepareSupport = true,
			},
			selectionRange = {
				dynamicRegistration = true,
			},
			signatureHelp = {
				dynamicRegistration = true,
				signatureInformation = {
					documentationFormat = {
						[1] = "markdown",
						[2] = "plaintext",
					},
					parameterInformation = {
						labelOffsetSupport = true,
					},
				},
			},
			synchronization = {
				didSave = true,
				dynamicRegistration = true,
				willSave = true,
				willSaveWaitUntil = true,
			},
			typeDefinition = {
				dynamicRegistration = true,
				linkSupport = true,
			},
		},
		window = {
			workDoneProgress = true,
		},
		workspace = {
			applyEdit = true,
			configuration = true,
			didChangeConfiguration = {
				dynamicRegistration = true,
			},
			executeCommand = {
			},
			symbol = {
				dynamicRegistration = true,
				symbolKind = {
					valueSet = {
						[01] = 1,
						[02] = 2,
						[03] = 3,
						[04] = 4,
						[05] = 5,
						[06] = 6,
						[07] = 7,
						[08] = 8,
						[09] = 9,
						[10] = 10,
						[11] = 11,
						[12] = 12,
						[13] = 13,
						[14] = 14,
						[15] = 15,
						[16] = 16,
						[17] = 17,
						[18] = 18,
						[19] = 19,
						[20] = 20,
						[21] = 21,
						[22] = 22,
						[23] = 23,
						[24] = 24,
						[25] = 25,
						[26] = 26,
					},
				},
			},
			workspaceEdit = {
				documentChanges = true,
				failureHandling = "abort",
			},
			workspaceFolders = true,
		},
	},
	clientInfo = {
		name = "Sublime Text LSP",
		version = "1.0.12",
	},
	initializationOptions = {
	},
	processId = 7624,
	rootPath = "C:\\Users\\alihs\\AppData\\Roaming\\Sublime Text\\Packages\\LSP-lua",
	rootUri = "file:///C:/Users/alihs/AppData/Roaming/Sublime%20Text/Packages/LSP-lua",
	workspaceFolders = {
		[1] = {
			name = "LSP-lua",
			uri = "file:///C:/Users/alihs/AppData/Roaming/Sublime%20Text/Packages/LSP-lua",
		},
	},
}
[2020-09-14 11:13:17.765][info][script.service:181]: Add workspace	LSP-lua	file:///C:/Users/alihs/AppData/Roaming/Sublime%20Text/Packages/LSP-lua
[2020-09-14 11:13:17.797][debug][script.async.async:55]: Create thread, id: 	2	task: 	loadfile
[2020-09-14 11:13:17.797][info][script.workspace:145]: Workspace inited, root: 	c:/Users/alihs/AppData/Roaming/Sublime Text/Packages/LSP-lua
[2020-09-14 11:13:17.797][info][script.workspace:146]: Workspace inited, uri: 	file:///C:/Users/alihs/AppData/Roaming/Sublime%20Text/Packages/LSP-lua
[2020-09-14 11:13:17.797][info][script.workspace:148]: Log path: 	C:/Users/alihs/AppData/Roaming/Sublime Text/Packages/LSP-lua/log/file_C_Users_alihs_AppData_Roaming_Sublime%20Text_Packages_LSP-lua.log
[2020-09-14 11:13:18.426][debug][script.service:65]: Task [initialize] takes [0.662]sec.
[2020-09-14 11:13:18.467][debug][script.config:209]: Config update: 	{
	color = {
		mode = "Semantic",
	},
	completion = {
		callSnippet = "Disable",
		displayContext = 6,
		enable = true,
		fastAutocompletion = false,
		keywordSnippet = "Replace",
	},
	diagnostics = {
		datamodelAsIgnore = true,
		disable = {
		},
		enable = true,
		globals = {
		},
		ignore = {
		},
		severity = {
			["ambiguity-1"] = "Warning",
			["deprecated-rbx-member"] = "Information",
			["duplicate-index"] = "Warning",
			["duplicate-method"] = "Warning",
			["emmy-lua"] = "Warning",
			["empty-block"] = "Hint",
			["global-in-nil-env"] = "Warning",
			["incorrect-call-arguments"] = "Warning",
			["invalid-rbx-classname"] = "Warning",
			["lowercase-global"] = "Information",
			["newfield-call"] = "Warning",
			["newline-call"] = "Information",
			["redefined-local"] = "Information",
			["redundant-parameter"] = "Information",
			["redundant-value"] = "Warning",
			["set-const"] = "Error",
			["set-for-state"] = "Warning",
			["trailing-space"] = "Hint",
			["undefined-env-child"] = "Information",
			["undefined-global"] = "Warning",
			["undefined-rbx-member"] = "Warning",
			["unknown-symbol"] = "Warning",
			["unused-function"] = "Hint",
			["unused-label"] = "Hint",
			["unused-local"] = "Hint",
			["unused-vararg"] = "Hint",
		},
		syntax = true,
	},
	hover = {
		enable = true,
		viewNumber = true,
		viewString = true,
		viewStringMax = 1000,
	},
	plugin = {
		enable = false,
		path = ".vscode/lua-plugin/*.lua",
	},
	runtime = {
		library = {
		},
		path = {
			[1] = "?.lua",
			[2] = "?/init.lua",
			[3] = "?/?.lua",
		},
		version = "Lua 5.3",
	},
	signatureHelp = {
		enable = true,
	},
	workspace = {
		ignoreDir = {
			[".vscode"] = true,
		},
		ignoreSubmodules = true,
		library = {
		},
		loadMode = "All Files",
		maxPreload = 300,
		preloadFileSize = 100,
		rojoProjectFile = "default",
		useGitIgnore = true,
	},
}	{
	associations = {
	},
	exclude = {
	},
}
[2020-09-14 11:13:18.665][debug][script.service:413]: reCompile:	1	1
[2020-09-14 11:13:18.717][debug][script.service:886]: collectgarbage: 	0.052
[2020-09-14 11:13:18.717][debug][script.service:957]: 
State
Main Mem:  [12012.821]kb
#001 Mem:  [63.620]kb
#002 Mem:  <Unknown>
-------------------
CachedVM:  [0]
AlivedVM:  [0]
DeadVM:    [0]
-------------------
CachedSrc: [0]
AlivedSrc: [1]
DeadSrc:   [0]
-------------------
CachedFunc:[0]
AlivedFunc:[0]
DeadFunc:  [0]
-------------------
TotalVal:  [0]
DeadVal:   [0]
-------------------
TotalLoc:  [0]
TotalEmmy: [10]

[2020-09-14 11:13:18.717][debug][script.service:999]: test memory: 	0.000
[2020-09-14 11:13:18.717][debug][script.capability.completion:27]: Enable completion.
[2020-09-14 11:13:18.717][debug][script.service:828]: reScanFiles
[2020-09-14 11:13:18.717][debug][script.service:125]: clearDiagnostics	file:///C:/Users/alihs/AppData/Roaming/Sublime%20Text/Packages/LSP-lua/main.lua
[2020-09-14 11:13:18.737][debug][script.async.async:55]: Create thread, id: 	3	task: 	scanfiles
[2020-09-14 11:13:18.738][debug][script.config:209]: Config update: 	{
	color = {
		mode = "Semantic",
	},
	completion = {
		callSnippet = "Disable",
		displayContext = 6,
		enable = true,
		fastAutocompletion = false,
		keywordSnippet = "Replace",
	},
	diagnostics = {
		datamodelAsIgnore = true,
		disable = {
		},
		enable = true,
		globals = {
		},
		ignore = {
		},
		severity = {
			["ambiguity-1"] = "Warning",
			["deprecated-rbx-member"] = "Information",
			["duplicate-index"] = "Warning",
			["duplicate-method"] = "Warning",
			["emmy-lua"] = "Warning",
			["empty-block"] = "Hint",
			["global-in-nil-env"] = "Warning",
			["incorrect-call-arguments"] = "Warning",
			["invalid-rbx-classname"] = "Warning",
			["lowercase-global"] = "Information",
			["newfield-call"] = "Warning",
			["newline-call"] = "Information",
			["redefined-local"] = "Information",
			["redundant-parameter"] = "Information",
			["redundant-value"] = "Warning",
			["set-const"] = "Error",
			["set-for-state"] = "Warning",
			["trailing-space"] = "Hint",
			["undefined-env-child"] = "Information",
			["undefined-global"] = "Warning",
			["undefined-rbx-member"] = "Warning",
			["unknown-symbol"] = "Warning",
			["unused-function"] = "Hint",
			["unused-label"] = "Hint",
			["unused-local"] = "Hint",
			["unused-vararg"] = "Hint",
		},
		syntax = true,
	},
	hover = {
		enable = true,
		viewNumber = true,
		viewString = true,
		viewStringMax = 1000,
	},
	plugin = {
		enable = false,
		path = ".vscode/lua-plugin/*.lua",
	},
	runtime = {
		library = {
		},
		path = {
			[1] = "?.lua",
			[2] = "?/init.lua",
			[3] = "?/?.lua",
		},
		version = "Lua 5.3",
	},
	signatureHelp = {
		enable = true,
	},
	workspace = {
		ignoreDir = {
			[".vscode"] = true,
		},
		ignoreSubmodules = true,
		library = {
		},
		loadMode = "All Files",
		maxPreload = 300,
		preloadFileSize = 100,
		rojoProjectFile = "default",
		useGitIgnore = true,
	},
}	{
	associations = {
	},
	exclude = {
	},
}
[2020-09-14 11:13:18.738][debug][script.method.initialized:77]: client/registerCapability Success!
[2020-09-14 11:13:18.738][debug][script.service:125]: clearDiagnostics	file:///C:/Users/alihs/AppData/Roaming/Sublime%20Text/Packages/LSP-lua/main.lua
[2020-09-14 11:13:18.810][debug][script.workspace:117]: Scanning:	c:/Users/alihs/AppData/Roaming/Sublime Text/Packages/LSP-lua
[2020-09-14 11:13:18.810][debug][script.workspace:117]: Scan pattern:	{
	[1] = ".vscode",
}
[2020-09-14 11:13:18.810][debug][script.workspace:117]: Scan options:	{
	ignoreCase = true,
}
[2020-09-14 11:13:19.607][debug][script.service:65]: Task [textDocument/publishDiagnostics] takes [0.796]sec.
[2020-09-14 11:13:19.805][info][script.workspace:111]: Scan finish, got	141	files.
[2020-09-14 11:13:19.806][debug][script.service:413]: reCompile:	142	142
[2020-09-14 11:13:19.844][debug][script.service:886]: collectgarbage: 	0.038
[2020-09-14 11:13:19.844][debug][script.service:957]: 
State
Main Mem:  [13206.589]kb
#001 Mem:  [63.760]kb
#002 Mem:  <Unknown>
#003 Mem:  <Unknown>
-------------------
CachedVM:  [0]
AlivedVM:  [0]
DeadVM:    [0]
-------------------
CachedSrc: [0]
AlivedSrc: [1]
DeadSrc:   [1]
-------------------
CachedFunc:[0]
AlivedFunc:[0]
DeadFunc:  [0]
-------------------
TotalVal:  [301]
DeadVal:   [301]
-------------------
TotalLoc:  [0]
TotalEmmy: [10]

[2020-09-14 11:13:19.844][debug][script.service:999]: test memory: 	0.000
[2020-09-14 11:13:19.844][debug][script.service:125]: clearDiagnostics	file:///C:/Users/alihs/AppData/Roaming/Sublime%20Text/Packages/LSP-lua/main.lua
[2020-09-14 11:13:20.307][warn][script.service:560]: Compile Ast[file:///c%3A/Users/alihs/AppData/Roaming/Sublime%20Text/Packages/LSP-lua/script/rojo.lua] takes [0.102] sec, size [9.025]kb
[2020-09-14 11:13:28.328][debug][script.service:598]: Compile VM[file:///c%3A/Users/alihs/AppData/Roaming/Sublime%20Text/Packages/LSP-lua/script/core/completion.lua] takes: 0.225 sec
[2020-09-14 11:13:29.139][debug][script.service:598]: Compile VM[file:///c%3A/Users/alihs/AppData/Roaming/Sublime%20Text/Packages/LSP-lua/script/parser/ast.lua] takes: 0.295 sec
[2020-09-14 11:13:31.130][debug][script.service:598]: Compile VM[file:///c%3A/Users/alihs/AppData/Roaming/Sublime%20Text/Packages/LSP-lua/script/core/completion.lua] takes: 0.246 sec
[2020-09-14 11:13:32.287][debug][script.service:598]: Compile VM[file:///c%3A/Users/alihs/AppData/Roaming/Sublime%20Text/Packages/LSP-lua/script/parser/ast.lua] takes: 0.407 sec
[2020-09-14 11:13:33.575][debug][script.service:598]: Compile VM[file:///c%3A/Users/alihs/AppData/Roaming/Sublime%20Text/Packages/LSP-lua/script/core/completion.lua] takes: 0.271 sec
[2020-09-14 11:13:35.882][debug][script.service:598]: Compile VM[file:///c%3A/Users/alihs/AppData/Roaming/Sublime%20Text/Packages/LSP-lua/script/core/completion.lua] takes: 0.311 sec
[2020-09-14 11:13:36.573][debug][script.service:598]: Compile VM[file:///c%3A/Users/alihs/AppData/Roaming/Sublime%20Text/Packages/LSP-lua/script/vm/vm.lua] takes: 0.202 sec
[2020-09-14 11:13:38.340][warn][script.service:560]: Compile Ast[file:///c%3A/Users/alihs/AppData/Roaming/Sublime%20Text/Packages/LSP-lua/script/parser/ast.lua] takes [0.396] sec, size [62.864]kb
[2020-09-14 11:13:40.287][debug][script.service:598]: Compile VM[file:///c%3A/Users/alihs/AppData/Roaming/Sublime%20Text/Packages/LSP-lua/script/parser/ast.lua] takes: 0.204 sec
[2020-09-14 11:13:43.541][debug][script.service:598]: Compile VM[file:///c%3A/Users/alihs/AppData/Roaming/Sublime%20Text/Packages/LSP-lua/script/core/completion.lua] takes: 0.251 sec
[2020-09-14 11:13:44.276][debug][script.service:598]: Compile VM[file:///c%3A/Users/alihs/AppData/Roaming/Sublime%20Text/Packages/LSP-lua/script/parser/ast.lua] takes: 0.237 sec
[2020-09-14 11:13:45.318][warn][script.service:560]: Compile Ast[file:///c%3A/Users/alihs/AppData/Roaming/Sublime%20Text/Packages/LSP-lua/script/method/textDocument/completion.lua] takes [0.117] sec, size [4.669]kb
[2020-09-14 11:13:46.609][debug][script.service:598]: Compile VM[file:///c%3A/Users/alihs/AppData/Roaming/Sublime%20Text/Packages/LSP-lua/script/vm/vm.lua] takes: 0.220 sec
[2020-09-14 11:13:48.061][error][script.vm.value:416]: ...oaming/Sublime Text/Packages/LSP-lua/script/vm\value.lua:416: bad argument #1 to 'for iterator' (table expected, got nil)
stack traceback:
	...oaming/Sublime Text/Packages/LSP-lua/script/vm\value.lua:416: in method 'mergeInfo'
	...oaming/Sublime Text/Packages/LSP-lua/script/vm\value.lua:444: in method 'mergeValue'
	...oaming/Sublime Text/Packages/LSP-lua/script/vm\value.lua:666: in upvalue 'callback'
	...g/Sublime Text/Packages/LSP-lua/script/emmy\typeUnit.lua:23: in local 'callback'
	...ng/Sublime Text/Packages/LSP-lua/script/emmy\manager.lua:51: in function <...ng/Sublime Text/Packages/LSP-lua/script/emmy\manager.lua:43>
	(...tail calls...)
	...g/Sublime Text/Packages/LSP-lua/script/emmy\typeUnit.lua:21: in method 'getClass'
	...aming/Sublime Text/Packages/LSP-lua/script/emmy\type.lua:36: in method 'eachClass'
	...oaming/Sublime Text/Packages/LSP-lua/script/vm\value.lua:664: in method 'setEmmy'
	...oaming/Sublime Text/Packages/LSP-lua/script/vm\local.lua:155: in method 'setEmmy'
	...a/Roaming/Sublime Text/Packages/LSP-lua/script/vm\vm.lua:1319: in function 'vm.manager.createLocal'
	...	(skipping 5 levels)
	...a/Roaming/Sublime Text/Packages/LSP-lua/script/vm\vm.lua:1179: in function 'vm.manager.doAction'
	...a/Roaming/Sublime Text/Packages/LSP-lua/script/vm\vm.lua:1201: in function 'vm.manager.doActions'
	...a/Roaming/Sublime Text/Packages/LSP-lua/script/vm\vm.lua:142: in function 'vm.manager.runFunction'
	...a/Roaming/Sublime Text/Packages/LSP-lua/script/vm\vm.lua:1221: in function 'vm.manager.callLeftFuncions'
	...a/Roaming/Sublime Text/Packages/LSP-lua/script/vm\vm.lua:1413: in function <...a/Roaming/Sublime Text/Packages/LSP-lua/script/vm\vm.lua:1400>
	[C]: in function 'xpcall'
	...a/Roaming/Sublime Text/Packages/LSP-lua/script/vm\vm.lua:1434: in function 'vm'
	...Roaming/Sublime Text/Packages/LSP-lua/script/service.lua:568: in method 'compileVM'
	...Roaming/Sublime Text/Packages/LSP-lua/script/service.lua:761: in function <...Roaming/Sublime Text/Packages/LSP-lua/script/service.lua:761>
	[C]: in function 'pcall'
	...Roaming/Sublime Text/Packages/LSP-lua/script/service.lua:761: in function <...Roaming/Sublime Text/Packages/LSP-lua/script/service.lua:756>
[2020-09-14 11:13:49.017][debug][script.service:598]: Compile VM[file:///c%3A/Users/alihs/AppData/Roaming/Sublime%20Text/Packages/LSP-lua/script/service.lua] takes: 0.268 sec
[2020-09-14 11:13:52.373][debug][script.service:125]: clearDiagnostics	file:///c%3A/Users/alihs/AppData/Roaming/Sublime%20Text/Packages/LSP-lua/script/vm/value.lua
[2020-09-14 11:14:16.294][warn][script.service:560]: Compile Ast[file:///c%3A/Users/alihs/AppData/Roaming/Sublime%20Text/Packages/LSP-lua/script/parser/ast.lua] takes [0.163] sec, size [62.864]kb
[2020-09-14 11:14:17.302][debug][script.service:598]: Compile VM[file:///c%3A/Users/alihs/AppData/Roaming/Sublime%20Text/Packages/LSP-lua/script/rbxapi.lua] takes: 0.221 sec
[2020-09-14 11:14:18.349][warn][script.service:560]: Compile Ast[file:///c%3A/Users/alihs/AppData/Roaming/Sublime%20Text/Packages/LSP-lua/script/without-check-nil.lua] takes [0.117] sec, size [2.827]kb
[2020-09-14 11:14:19.368][warn][script.service:560]: Compile Ast[file:///c%3A/Users/alihs/AppData/Roaming/Sublime%20Text/Packages/LSP-lua/script/parser/relabel.lua] takes [0.117] sec, size [9.905]kb
[2020-09-14 11:14:20.406][warn][script.service:560]: Compile Ast[file:///c%3A/Users/alihs/AppData/Roaming/Sublime%20Text/Packages/LSP-lua/script/parser/ast.lua] takes [0.181] sec, size [62.864]kb
[2020-09-14 11:14:22.795][debug][script.service:598]: Compile VM[file:///c%3A/Users/alihs/AppData/Roaming/Sublime%20Text/Packages/LSP-lua/script/core/diagnostics.lua] takes: 0.423 sec
[2020-09-14 11:14:23.260][debug][script.service:598]: Compile VM[file:///c%3A/Users/alihs/AppData/Roaming/Sublime%20Text/Packages/LSP-lua/script/vm/vm.lua] takes: 0.206 sec
[2020-09-14 11:14:26.825][warn][script.service:560]: Compile Ast[file:///c%3A/Users/alihs/AppData/Roaming/Sublime%20Text/Packages/LSP-lua/script/core/library.lua] takes [0.107] sec, size [9.302]kb
[2020-09-14 11:14:27.868][debug][script.service:598]: Compile VM[file:///c%3A/Users/alihs/AppData/Roaming/Sublime%20Text/Packages/LSP-lua/script/core/diagnostics.lua] takes: 0.217 sec
[2020-09-14 11:14:28.318][debug][script.service:598]: Compile VM[file:///c%3A/Users/alihs/AppData/Roaming/Sublime%20Text/Packages/LSP-lua/script/vm/vm.lua] takes: 0.246 sec
[2020-09-14 11:14:29.467][debug][script.service:598]: Compile VM[file:///c%3A/Users/alihs/AppData/Roaming/Sublime%20Text/Packages/LSP-lua/script/parser/ast.lua] takes: 0.528 sec
[2020-09-14 11:14:30.735][warn][script.service:560]: Compile Ast[file:///c%3A/Users/alihs/AppData/Roaming/Sublime%20Text/Packages/LSP-lua/script/rbxapi.lua] takes [0.136] sec, size [44.434]kb
[2020-09-14 11:14:31.514][warn][script.service:560]: Compile Ast[file:///c%3A/Users/alihs/AppData/Roaming/Sublime%20Text/Packages/LSP-lua/script/core/diagnostics.lua] takes [0.150] sec, size [45.061]kb
[2020-09-14 11:14:33.601][warn][script.service:560]: Compile Ast[file:///c%3A/Users/alihs/AppData/Roaming/Sublime%20Text/Packages/LSP-lua/script/core/library.lua] takes [0.133] sec, size [9.302]kb
[2020-09-14 11:14:36.164][debug][script.service:598]: Compile VM[file:///c%3A/Users/alihs/AppData/Roaming/Sublime%20Text/Packages/LSP-lua/script/parser/ast.lua] takes: 0.241 sec
[2020-09-14 11:14:37.121][warn][script.service:560]: Compile Ast[file:///c%3A/Users/alihs/AppData/Roaming/Sublime%20Text/Packages/LSP-lua/script/json.lua] takes [0.105] sec, size [12.167]kb
[2020-09-14 11:14:42.864][warn][script.service:560]: Compile Ast[file:///c%3A/Users/alihs/AppData/Roaming/Sublime%20Text/Packages/LSP-lua/script/core/diagnostics.lua] takes [0.129] sec, size [45.061]kb
[2020-09-14 11:14:43.407][debug][script.service:598]: Compile VM[file:///c%3A/Users/alihs/AppData/Roaming/Sublime%20Text/Packages/LSP-lua/script/vm/vm.lua] takes: 0.200 sec
[2020-09-14 11:14:46.723][debug][script.service:598]: Compile VM[file:///c%3A/Users/alihs/AppData/Roaming/Sublime%20Text/Packages/LSP-lua/script/parser/relabel.lua] takes: 0.414 sec
[2020-09-14 11:14:49.497][warn][script.service:560]: Compile Ast[file:///c%3A/Users/alihs/AppData/Roaming/Sublime%20Text/Packages/LSP-lua/script/vm/vm.lua] takes [0.124] sec, size [42.169]kb
[2020-09-14 11:14:53.166][debug][script.service:886]: collectgarbage: 	0.329
[2020-09-14 11:14:53.217][debug][script.service:957]: 
State
Main Mem:  [102445.147]kb
#001 Mem:  [75.562]kb
#002 Mem:  [74.971]kb
#003 Mem:  [90.259]kb
-------------------
CachedVM:  [142]
AlivedVM:  [142]
DeadVM:    [0]
-------------------
CachedSrc: [107690]
AlivedSrc: [108587]
DeadSrc:   [0]
-------------------
CachedFunc:[1632]
AlivedFunc:[1787]
DeadFunc:  [0]
-------------------
TotalVal:  [25235]
DeadVal:   [1940]
-------------------
TotalLoc:  [7187]
TotalEmmy: [290]

[2020-09-14 11:14:53.217][debug][script.service:999]: test memory: 	0.051
[2020-09-14 11:15:03.789][debug][script.service:598]: Compile VM[file:///c%3A/Users/alihs/AppData/Roaming/Sublime%20Text/Packages/LSP-lua/script/vm/vm.lua] takes: 0.219 sec
[2020-09-14 11:15:04.393][warn][script.service:560]: Compile Ast[file:///c%3A/Users/alihs/AppData/Roaming/Sublime%20Text/Packages/LSP-lua/script/method/textDocument/didChange.lua] takes [0.165] sec, size [0.611]kb
[2020-09-14 11:15:04.743][debug][script.service:125]: clearDiagnostics	file:///C:/Users/alihs/AppData/Roaming/Sublime%20Text/Packages/LSP-lua/main-beta.lua
[2020-09-14 11:15:07.148][debug][script.service:598]: Compile VM[file:///c%3A/Users/alihs/AppData/Roaming/Sublime%20Text/Packages/LSP-lua/script/vm/vm.lua] takes: 0.266 sec
[2020-09-14 11:15:08.142][warn][script.service:560]: Compile Ast[file:///c%3A/Users/alihs/AppData/Roaming/Sublime%20Text/Packages/LSP-lua/script/rpc.lua] takes [0.570] sec, size [2.217]kb
[2020-09-14 11:15:08.509][debug][script.service:125]: clearDiagnostics	file:///C:/Users/alihs/AppData/Roaming/Sublime%20Text/Packages/LSP-lua/platform.lua
[2020-09-14 11:15:09.199][error][script.vm.value:416]: ...oaming/Sublime Text/Packages/LSP-lua/script/vm\value.lua:416: bad argument #1 to 'for iterator' (table expected, got nil)
stack traceback:
	...oaming/Sublime Text/Packages/LSP-lua/script/vm\value.lua:416: in method 'mergeInfo'
	...oaming/Sublime Text/Packages/LSP-lua/script/vm\value.lua:444: in method 'mergeValue'
	...oaming/Sublime Text/Packages/LSP-lua/script/vm\value.lua:666: in upvalue 'callback'
	...g/Sublime Text/Packages/LSP-lua/script/emmy\typeUnit.lua:23: in local 'callback'
	...ng/Sublime Text/Packages/LSP-lua/script/emmy\manager.lua:51: in function <...ng/Sublime Text/Packages/LSP-lua/script/emmy\manager.lua:43>
	(...tail calls...)
	...g/Sublime Text/Packages/LSP-lua/script/emmy\typeUnit.lua:21: in method 'getClass'
	...aming/Sublime Text/Packages/LSP-lua/script/emmy\type.lua:36: in method 'eachClass'
	...oaming/Sublime Text/Packages/LSP-lua/script/vm\value.lua:664: in method 'setEmmy'
	...oaming/Sublime Text/Packages/LSP-lua/script/vm\local.lua:155: in method 'setEmmy'
	...a/Roaming/Sublime Text/Packages/LSP-lua/script/vm\vm.lua:1319: in function 'vm.manager.createLocal'
	...	(skipping 5 levels)
	...a/Roaming/Sublime Text/Packages/LSP-lua/script/vm\vm.lua:1179: in function 'vm.manager.doAction'
	...a/Roaming/Sublime Text/Packages/LSP-lua/script/vm\vm.lua:1201: in function 'vm.manager.doActions'
	...a/Roaming/Sublime Text/Packages/LSP-lua/script/vm\vm.lua:142: in function 'vm.manager.runFunction'
	...a/Roaming/Sublime Text/Packages/LSP-lua/script/vm\vm.lua:1221: in function 'vm.manager.callLeftFuncions'
	...a/Roaming/Sublime Text/Packages/LSP-lua/script/vm\vm.lua:1413: in function <...a/Roaming/Sublime Text/Packages/LSP-lua/script/vm\vm.lua:1400>
	[C]: in function 'xpcall'
	...a/Roaming/Sublime Text/Packages/LSP-lua/script/vm\vm.lua:1434: in function 'vm'
	...Roaming/Sublime Text/Packages/LSP-lua/script/service.lua:568: in method 'compileVM'
	...Roaming/Sublime Text/Packages/LSP-lua/script/service.lua:761: in function <...Roaming/Sublime Text/Packages/LSP-lua/script/service.lua:761>
	[C]: in function 'pcall'
	...Roaming/Sublime Text/Packages/LSP-lua/script/service.lua:761: in function <...Roaming/Sublime Text/Packages/LSP-lua/script/service.lua:756>
[2020-09-14 11:15:10.188][debug][script.service:598]: Compile VM[file:///c%3A/Users/alihs/AppData/Roaming/Sublime%20Text/Packages/LSP-lua/script/service.lua] takes: 0.213 sec
[2020-09-14 11:15:13.337][debug][script.service:125]: clearDiagnostics	file:///c%3A/Users/alihs/AppData/Roaming/Sublime%20Text/Packages/LSP-lua/script/vm/value.lua
[2020-09-14 11:15:42.265][debug][script.service:598]: Compile VM[file:///c%3A/Users/alihs/AppData/Roaming/Sublime%20Text/Packages/LSP-lua/script/core/completion.lua] takes: 0.261 sec
[2020-09-14 11:15:42.748][warn][script.service:560]: Compile Ast[file:///c%3A/Users/alihs/AppData/Roaming/Sublime%20Text/Packages/LSP-lua/script/method/workspace/didChangeWatchedFiles.lua] takes [0.104] sec, size [1.584]kb
[2020-09-14 11:15:43.224][debug][script.service:598]: Compile VM[file:///c%3A/Users/alihs/AppData/Roaming/Sublime%20Text/Packages/LSP-lua/script/vm/vm.lua] takes: 0.247 sec
[2020-09-14 11:15:45.778][debug][script.service:598]: Compile VM[file:///c%3A/Users/alihs/AppData/Roaming/Sublime%20Text/Packages/LSP-lua/script/emmy/manager.lua] takes: 0.435 sec
[2020-09-14 11:15:46.776][debug][script.service:598]: Compile VM[file:///c%3A/Users/alihs/AppData/Roaming/Sublime%20Text/Packages/LSP-lua/script/service.lua] takes: 0.225 sec
[2020-09-14 11:15:53.173][debug][script.service:886]: collectgarbage: 	0.332
[2020-09-14 11:15:53.242][debug][script.service:957]: 
State
Main Mem:  [104761.882]kb
#001 Mem:  [73.589]kb
#002 Mem:  [74.971]kb
#003 Mem:  [90.259]kb
-------------------
CachedVM:  [144]
AlivedVM:  [144]
DeadVM:    [0]
-------------------
CachedSrc: [108303]
AlivedSrc: [109202]
DeadSrc:   [0]
-------------------
CachedFunc:[1635]
AlivedFunc:[1790]
DeadFunc:  [0]
-------------------
TotalVal:  [25928]
DeadVal:   [2454]
-------------------
TotalLoc:  [7202]
TotalEmmy: [290]

[2020-09-14 11:15:53.242][debug][script.service:999]: test memory: 	0.069
[2020-09-14 11:16:53.085][debug][script.service:886]: collectgarbage: 	0.230
[2020-09-14 11:16:53.141][debug][script.service:957]: 
State
Main Mem:  [104929.590]kb
#001 Mem:  [75.423]kb
#002 Mem:  [74.971]kb
#003 Mem:  [90.259]kb
-------------------
CachedVM:  [144]
AlivedVM:  [144]
DeadVM:    [0]
-------------------
CachedSrc: [108303]
AlivedSrc: [109202]
DeadSrc:   [0]
-------------------
CachedFunc:[1635]
AlivedFunc:[1790]
DeadFunc:  [0]
-------------------
TotalVal:  [25928]
DeadVal:   [2454]
-------------------
TotalLoc:  [7202]
TotalEmmy: [290]

[2020-09-14 11:16:53.141][debug][script.service:999]: test memory: 	0.056
[2020-09-14 11:17:53.083][debug][script.service:886]: collectgarbage: 	0.228
[2020-09-14 11:17:53.140][debug][script.service:957]: 
State
Main Mem:  [104929.152]kb
#001 Mem:  [75.423]kb
#002 Mem:  [74.971]kb
#003 Mem:  [90.259]kb
-------------------
CachedVM:  [144]
AlivedVM:  [144]
DeadVM:    [0]
-------------------
CachedSrc: [108303]
AlivedSrc: [109202]
DeadSrc:   [0]
-------------------
CachedFunc:[1635]
AlivedFunc:[1790]
DeadFunc:  [0]
-------------------
TotalVal:  [25928]
DeadVal:   [2454]
-------------------
TotalLoc:  [7202]
TotalEmmy: [290]

[2020-09-14 11:17:53.141][debug][script.service:999]: test memory: 	0.058
[2020-09-14 11:18:53.083][debug][script.service:886]: collectgarbage: 	0.228
[2020-09-14 11:18:53.137][debug][script.service:957]: 
State
Main Mem:  [104929.574]kb
#001 Mem:  [75.423]kb
#002 Mem:  [74.971]kb
#003 Mem:  [90.259]kb
-------------------
CachedVM:  [144]
AlivedVM:  [144]
DeadVM:    [0]
-------------------
CachedSrc: [108303]
AlivedSrc: [109202]
DeadSrc:   [0]
-------------------
CachedFunc:[1635]
AlivedFunc:[1790]
DeadFunc:  [0]
-------------------
TotalVal:  [25928]
DeadVal:   [2454]
-------------------
TotalLoc:  [7202]
TotalEmmy: [290]

[2020-09-14 11:18:53.338][debug][script.service:999]: test memory: 	0.055
[2020-09-14 11:19:53.176][debug][script.service:886]: collectgarbage: 	0.320
[2020-09-14 11:19:53.252][debug][script.service:957]: 
State
Main Mem:  [104928.309]kb
#001 Mem:  [75.423]kb
#002 Mem:  [74.971]kb
#003 Mem:  [90.259]kb
-------------------
CachedVM:  [144]
AlivedVM:  [144]
DeadVM:    [0]
-------------------
CachedSrc: [108303]
AlivedSrc: [109202]
DeadSrc:   [0]
-------------------
CachedFunc:[1635]
AlivedFunc:[1790]
DeadFunc:  [0]
-------------------
TotalVal:  [25928]
DeadVal:   [2454]
-------------------
TotalLoc:  [7202]
TotalEmmy: [290]

[2020-09-14 11:19:53.252][debug][script.service:999]: test memory: 	0.075
[2020-09-14 11:20:24.494][debug][script.service:65]: Task [textDocument/didChange] takes [0.705]sec.
[2020-09-14 11:20:25.271][warn][script.service:560]: Compile Ast[file:///C:/Users/alihs/AppData/Roaming/Sublime%20Text/Packages/LSP-lua/main.lua] takes [0.614] sec, size [0.685]kb
[2020-09-14 11:20:26.018][debug][script.service:598]: Compile VM[file:///C:/Users/alihs/AppData/Roaming/Sublime%20Text/Packages/LSP-lua/main.lua] takes: 0.747 sec
[2020-09-14 11:20:26.151][debug][script.service:65]: Task [textDocument/documentHighlight] takes [1.495]sec.
[2020-09-14 11:20:26.606][debug][script.service:65]: Task [textDocument/publishDiagnostics] takes [0.454]sec.
[2020-09-14 11:20:27.498][warn][script.service:560]: Compile Ast[file:///c%3A/Users/alihs/AppData/Roaming/Sublime%20Text/Packages/LSP-lua/script/method/textDocument/references.lua] takes [0.652] sec, size [2.629]kb
[2020-09-14 11:20:30.775][debug][script.service:598]: Compile VM[file:///c%3A/Users/alihs/AppData/Roaming/Sublime%20Text/Packages/LSP-lua/script/method/textDocument/references.lua] takes: 3.091 sec
[2020-09-14 11:20:31.823][debug][script.service:598]: Compile VM[file:///c%3A/Users/alihs/AppData/Roaming/Sublime%20Text/Packages/LSP-lua/script/core/init.lua] takes: 1.046 sec
[2020-09-14 11:20:32.467][warn][script.service:560]: Compile Ast[file:///c%3A/Users/alihs/AppData/Roaming/Sublime%20Text/Packages/LSP-lua/script/parser/grammar.lua] takes [0.432] sec, size [20.944]kb
[2020-09-14 11:20:35.281][warn][script.service:560]: Compile Ast[file:///c%3A/Users/alihs/AppData/Roaming/Sublime%20Text/Packages/LSP-lua/script/parser/relabel.lua] takes [1.113] sec, size [9.905]kb
[2020-09-14 11:20:36.791][debug][script.service:598]: Compile VM[file:///c%3A/Users/alihs/AppData/Roaming/Sublime%20Text/Packages/LSP-lua/script/parser/relabel.lua] takes: 1.294 sec
[2020-09-14 11:20:40.388][warn][script.service:560]: Compile Ast[file:///c%3A/Users/alihs/AppData/Roaming/Sublime%20Text/Packages/LSP-lua/script/parser/ast.lua] takes [2.839] sec, size [62.864]kb
[2020-09-14 11:20:41.424][warn][script.vm.value:556]: eachInfo takes: [0.123]sec, #list: 26
[2020-09-14 11:20:47.405][debug][script.service:598]: Compile VM[file:///c%3A/Users/alihs/AppData/Roaming/Sublime%20Text/Packages/LSP-lua/script/parser/ast.lua] takes: 4.747 sec
[2020-09-14 11:20:47.518][warn][script.service:560]: Compile Ast[file:///C:/Users/alihs/AppData/Roaming/Sublime%20Text/Packages/LSP-lua/main.lua] takes [0.110] sec, size [0.703]kb
[2020-09-14 11:20:48.102][debug][script.service:65]: Task [textDocument/completion] takes [0.695]sec.
[2020-09-14 11:20:48.492][debug][script.service:65]: Task [textDocument/didChange] takes [0.389]sec.
[2020-09-14 11:20:48.983][debug][script.service:65]: Task [textDocument/completion] takes [0.491]sec.
[2020-09-14 11:20:49.477][warn][script.service:560]: Compile Ast[file:///C:/Users/alihs/AppData/Roaming/Sublime%20Text/Packages/LSP-lua/main.lua] takes [0.488] sec, size [0.702]kb
[2020-09-14 11:20:49.490][debug][script.service:65]: Task [textDocument/documentHighlight] takes [0.501]sec.
[2020-09-14 11:20:49.638][warn][script.vm.value:556]: eachInfo takes: [0.146]sec, #list: 1717
[2020-09-14 11:20:50.109][warn][script.vm.value:556]: eachInfo takes: [0.149]sec, #list: 1717
[2020-09-14 11:20:50.161][debug][script.service:65]: Task [textDocument/publishDiagnostics] takes [0.201]sec.
[2020-09-14 11:20:50.523][warn][script.service:560]: Compile Ast[file:///c%3A/Users/alihs/AppData/Roaming/Sublime%20Text/Packages/LSP-lua/script/method/textDocument/references.lua] takes [0.301] sec, size [2.629]kb
[2020-09-14 11:20:53.356][debug][script.service:598]: Compile VM[file:///c%3A/Users/alihs/AppData/Roaming/Sublime%20Text/Packages/LSP-lua/script/method/textDocument/references.lua] takes: 2.503 sec
[2020-09-14 11:20:53.811][debug][script.service:598]: Compile VM[file:///c%3A/Users/alihs/AppData/Roaming/Sublime%20Text/Packages/LSP-lua/script/core/init.lua] takes: 0.435 sec
[2020-09-14 11:20:54.635][warn][script.service:560]: Compile Ast[file:///c%3A/Users/alihs/AppData/Roaming/Sublime%20Text/Packages/LSP-lua/script/core/rename.lua] takes [0.590] sec, size [2.178]kb
[2020-09-14 11:20:55.135][debug][script.service:598]: Compile VM[file:///c%3A/Users/alihs/AppData/Roaming/Sublime%20Text/Packages/LSP-lua/script/core/rename.lua] takes: 0.319 sec
[2020-09-14 11:20:55.611][warn][script.service:560]: Compile Ast[file:///c%3A/Users/alihs/AppData/Roaming/Sublime%20Text/Packages/LSP-lua/script/parser/grammar.lua] takes [0.457] sec, size [20.944]kb
[2020-09-14 11:20:58.697][warn][script.service:560]: Compile Ast[file:///c%3A/Users/alihs/AppData/Roaming/Sublime%20Text/Packages/LSP-lua/script/parser/relabel.lua] takes [2.108] sec, size [9.905]kb
[2020-09-14 11:21:00.846][debug][script.service:598]: Compile VM[file:///c%3A/Users/alihs/AppData/Roaming/Sublime%20Text/Packages/LSP-lua/script/parser/relabel.lua] takes: 1.842 sec
[2020-09-14 11:21:05.776][warn][script.service:560]: Compile Ast[file:///c%3A/Users/alihs/AppData/Roaming/Sublime%20Text/Packages/LSP-lua/script/parser/ast.lua] takes [3.612] sec, size [62.864]kb
[2020-09-14 11:21:10.654][warn][script.vm.value:556]: eachInfo takes: [0.185]sec, #list: 26
[2020-09-14 11:21:14.895][debug][script.service:598]: Compile VM[file:///c%3A/Users/alihs/AppData/Roaming/Sublime%20Text/Packages/LSP-lua/script/parser/ast.lua] takes: 4.930 sec
[2020-09-14 11:21:15.219][debug][script.service:598]: Compile VM[file:///c%3A/Users/alihs/AppData/Roaming/Sublime%20Text/Packages/LSP-lua/script/parser/split.lua] takes: 0.237 sec
[2020-09-14 11:21:16.811][warn][script.service:560]: Compile Ast[file:///c%3A/Users/alihs/AppData/Roaming/Sublime%20Text/Packages/LSP-lua/script/parser/lines.lua] takes [1.095] sec, size [4.260]kb
[2020-09-14 11:21:17.808][debug][script.service:598]: Compile VM[file:///c%3A/Users/alihs/AppData/Roaming/Sublime%20Text/Packages/LSP-lua/script/parser/lines.lua] takes: 0.587 sec
[2020-09-14 11:21:18.446][warn][script.service:560]: Compile Ast[file:///c%3A/Users/alihs/AppData/Roaming/Sublime%20Text/Packages/LSP-lua/script/parser/parse.lua] takes [0.636] sec, size [0.883]kb
[2020-09-14 11:21:19.746][debug][script.service:598]: Compile VM[file:///c%3A/Users/alihs/AppData/Roaming/Sublime%20Text/Packages/LSP-lua/script/parser/parse.lua] takes: 0.895 sec
[2020-09-14 11:21:20.256][warn][script.service:560]: Compile Ast[file:///c%3A/Users/alihs/AppData/Roaming/Sublime%20Text/Packages/LSP-lua/script/parser/calcline.lua] takes [0.445] sec, size [1.955]kb
[2020-09-14 11:21:20.905][debug][script.service:598]: Compile VM[file:///c%3A/Users/alihs/AppData/Roaming/Sublime%20Text/Packages/LSP-lua/script/parser/calcline.lua] takes: 0.245 sec
[2020-09-14 11:21:23.100][debug][script.service:598]: Compile VM[file:///c%3A/Users/alihs/AppData/Roaming/Sublime%20Text/Packages/LSP-lua/script/core/hover/init.lua] takes: 2.194 sec
[2020-09-14 11:21:25.996][warn][script.service:560]: Compile Ast[file:///c%3A/Users/alihs/AppData/Roaming/Sublime%20Text/Packages/LSP-lua/script/core/document_symbol.lua] takes [2.397] sec, size [6.783]kb
[2020-09-14 11:21:27.704][debug][script.service:598]: Compile VM[file:///c%3A/Users/alihs/AppData/Roaming/Sublime%20Text/Packages/LSP-lua/script/core/document_symbol.lua] takes: 1.031 sec
[2020-09-14 11:21:27.910][warn][script.service:560]: Compile Ast[file:///c%3A/Users/alihs/AppData/Roaming/Sublime%20Text/Packages/LSP-lua/script/core/name.lua] takes [0.204] sec, size [2.184]kb
[2020-09-14 11:21:28.796][debug][script.service:598]: Compile VM[file:///c%3A/Users/alihs/AppData/Roaming/Sublime%20Text/Packages/LSP-lua/script/core/name.lua] takes: 0.886 sec
[2020-09-14 11:21:29.561][debug][script.service:598]: Compile VM[file:///c%3A/Users/alihs/AppData/Roaming/Sublime%20Text/Packages/LSP-lua/script/method/textDocument/codeAction.lua] takes: 0.365 sec
[2020-09-14 11:21:31.192][debug][script.service:598]: Compile VM[file:///c%3A/Users/alihs/AppData/Roaming/Sublime%20Text/Packages/LSP-lua/script/method/textDocument/onTypeFormatting.lua] takes: 1.029 sec
[2020-09-14 11:21:32.011][debug][script.service:598]: Compile VM[file:///c%3A/Users/alihs/AppData/Roaming/Sublime%20Text/Packages/LSP-lua/script/method/initialized.lua] takes: 0.734 sec
[2020-09-14 11:21:32.377][warn][script.service:560]: Compile Ast[file:///c%3A/Users/alihs/AppData/Roaming/Sublime%20Text/Packages/LSP-lua/script/core/library.lua] takes [0.279] sec, size [9.302]kb
[2020-09-14 11:21:32.942][debug][script.service:598]: Compile VM[file:///c%3A/Users/alihs/AppData/Roaming/Sublime%20Text/Packages/LSP-lua/script/method/textDocument/definition.lua] takes: 0.395 sec
[2020-09-14 11:21:33.104][warn][script.service:560]: Compile Ast[file:///c%3A/Users/alihs/AppData/Roaming/Sublime%20Text/Packages/LSP-lua/script/vm/emmy.lua] takes [0.159] sec, size [10.452]kb
[2020-09-14 11:21:34.668][debug][script.service:598]: Compile VM[file:///c%3A/Users/alihs/AppData/Roaming/Sublime%20Text/Packages/LSP-lua/script/vm/emmy.lua] takes: 1.499 sec
[2020-09-14 11:21:35.113][debug][script.service:598]: Compile VM[file:///c%3A/Users/alihs/AppData/Roaming/Sublime%20Text/Packages/LSP-lua/script/vm/library.lua] takes: 0.439 sec
[2020-09-14 11:21:35.350][warn][script.service:560]: Compile Ast[file:///c%3A/Users/alihs/AppData/Roaming/Sublime%20Text/Packages/LSP-lua/script/method/textDocument/completion.lua] takes [0.235] sec, size [4.669]kb
[2020-09-14 11:21:35.999][debug][script.service:598]: Compile VM[file:///c%3A/Users/alihs/AppData/Roaming/Sublime%20Text/Packages/LSP-lua/script/method/textDocument/completion.lua] takes: 0.647 sec
[2020-09-14 11:21:37.072][warn][script.service:560]: Compile Ast[file:///c%3A/Users/alihs/AppData/Roaming/Sublime%20Text/Packages/LSP-lua/script/core/completion.lua] takes [0.816] sec, size [39.025]kb
[2020-09-14 11:21:42.036][debug][script.service:598]: Compile VM[file:///c%3A/Users/alihs/AppData/Roaming/Sublime%20Text/Packages/LSP-lua/script/core/completion.lua] takes: 4.539 sec
[2020-09-14 11:21:42.426][debug][script.service:598]: Compile VM[file:///c%3A/Users/alihs/AppData/Roaming/Sublime%20Text/Packages/LSP-lua/script/core/snippet.lua] takes: 0.271 sec
[2020-09-14 11:21:43.814][debug][script.service:598]: Compile VM[file:///c%3A/Users/alihs/AppData/Roaming/Sublime%20Text/Packages/LSP-lua/script/uri.lua] takes: 1.198 sec
[2020-09-14 11:21:45.681][warn][script.service:560]: Compile Ast[file:///c%3A/Users/alihs/AppData/Roaming/Sublime%20Text/Packages/LSP-lua/script/core/hover/lib_function.lua] takes [0.892] sec, size [7.529]kb
[2020-09-14 11:21:47.175][debug][script.service:598]: Compile VM[file:///c%3A/Users/alihs/AppData/Roaming/Sublime%20Text/Packages/LSP-lua/script/core/hover/lib_function.lua] takes: 1.348 sec
[2020-09-14 11:21:48.434][warn][script.service:560]: Compile Ast[file:///c%3A/Users/alihs/AppData/Roaming/Sublime%20Text/Packages/LSP-lua/script/rbxapi.lua] takes [0.454] sec, size [44.434]kb
[2020-09-14 11:21:53.135][debug][script.service:598]: Compile VM[file:///c%3A/Users/alihs/AppData/Roaming/Sublime%20Text/Packages/LSP-lua/script/rbxapi.lua] takes: 4.490 sec
[2020-09-14 11:21:53.539][debug][script.service:598]: Compile VM[file:///c%3A/Users/alihs/AppData/Roaming/Sublime%20Text/Packages/LSP-lua/script/xml.lua] takes: 0.244 sec
[2020-09-14 11:21:54.294][warn][script.service:560]: Compile Ast[file:///c%3A/Users/alihs/AppData/Roaming/Sublime%20Text/Packages/LSP-lua/script/json.lua] takes [0.235] sec, size [12.167]kb
[2020-09-14 11:21:55.442][debug][script.service:598]: Compile VM[file:///c%3A/Users/alihs/AppData/Roaming/Sublime%20Text/Packages/LSP-lua/script/json.lua] takes: 0.917 sec
[2020-09-14 11:22:02.876][warn][script.service:560]: Compile Ast[file:///c%3A/Users/alihs/AppData/Roaming/Sublime%20Text/Packages/LSP-lua/script/core/diagnostics.lua] takes [0.635] sec, size [45.061]kb
[2020-09-14 11:22:06.094][debug][script.service:598]: Compile VM[file:///c%3A/Users/alihs/AppData/Roaming/Sublime%20Text/Packages/LSP-lua/script/core/diagnostics.lua] takes: 3.149 sec
[2020-09-14 11:22:06.570][debug][script.service:598]: Compile VM[file:///c%3A/Users/alihs/AppData/Roaming/Sublime%20Text/Packages/LSP-lua/script/method/workspace/didChangeWatchedFiles.lua] takes: 0.239 sec
[2020-09-14 11:22:07.121][debug][script.service:598]: Compile VM[file:///c%3A/Users/alihs/AppData/Roaming/Sublime%20Text/Packages/LSP-lua/script/filename.lua] takes: 0.530 sec
[2020-09-14 11:22:07.292][warn][script.service:560]: Compile Ast[file:///c%3A/Users/alihs/AppData/Roaming/Sublime%20Text/Packages/LSP-lua/script/method/textDocument/references.lua] takes [0.110] sec, size [2.629]kb
[2020-09-14 11:22:07.494][debug][script.service:598]: Compile VM[file:///c%3A/Users/alihs/AppData/Roaming/Sublime%20Text/Packages/LSP-lua/script/method/textDocument/references.lua] takes: 0.201 sec
[2020-09-14 11:22:07.728][debug][script.service:598]: Compile VM[file:///c%3A/Users/alihs/AppData/Roaming/Sublime%20Text/Packages/LSP-lua/script/core/init.lua] takes: 0.233 sec
[2020-09-14 11:22:08.512][warn][script.service:560]: Compile Ast[file:///c%3A/Users/alihs/AppData/Roaming/Sublime%20Text/Packages/LSP-lua/script/parser/relabel.lua] takes [0.128] sec, size [9.905]kb
[2020-09-14 11:22:08.702][warn][script.vm.value:556]: eachInfo takes: [0.137]sec, #list: 1
[2020-09-14 11:22:09.400][debug][script.service:598]: Compile VM[file:///c%3A/Users/alihs/AppData/Roaming/Sublime%20Text/Packages/LSP-lua/script/parser/relabel.lua] takes: 0.887 sec
[2020-09-14 11:22:10.672][warn][script.service:560]: Compile Ast[file:///c%3A/Users/alihs/AppData/Roaming/Sublime%20Text/Packages/LSP-lua/script/parser/ast.lua] takes [0.224] sec, size [62.864]kb
[2020-09-14 11:22:11.898][debug][script.service:598]: Compile VM[file:///c%3A/Users/alihs/AppData/Roaming/Sublime%20Text/Packages/LSP-lua/script/parser/ast.lua] takes: 1.120 sec
[2020-09-14 11:22:12.510][warn][script.service:560]: Compile Ast[file:///c%3A/Users/alihs/AppData/Roaming/Sublime%20Text/Packages/LSP-lua/script/parser/calcline.lua] takes [0.232] sec, size [1.955]kb
[2020-09-14 11:22:12.999][debug][script.service:598]: Compile VM[file:///c%3A/Users/alihs/AppData/Roaming/Sublime%20Text/Packages/LSP-lua/script/parser/calcline.lua] takes: 0.488 sec
[2020-09-14 11:22:13.505][debug][script.service:598]: Compile VM[file:///c%3A/Users/alihs/AppData/Roaming/Sublime%20Text/Packages/LSP-lua/script/core/document_symbol.lua] takes: 0.203 sec
[2020-09-14 11:22:14.091][warn][script.service:560]: Compile Ast[file:///c%3A/Users/alihs/AppData/Roaming/Sublime%20Text/Packages/LSP-lua/script/core/references.lua] takes [0.153] sec, size [2.717]kb
[2020-09-14 11:22:14.416][warn][script.service:560]: Compile Ast[file:///c%3A/Users/alihs/AppData/Roaming/Sublime%20Text/Packages/LSP-lua/script/core/implementation.lua] takes [0.163] sec, size [4.927]kb
[2020-09-14 11:22:16.337][debug][script.service:598]: Compile VM[file:///c%3A/Users/alihs/AppData/Roaming/Sublime%20Text/Packages/LSP-lua/script/core/library.lua] takes: 0.674 sec
[2020-09-14 11:22:17.061][warn][script.service:560]: Compile Ast[file:///c%3A/Users/alihs/AppData/Roaming/Sublime%20Text/Packages/LSP-lua/script/vm/emmy.lua] takes [0.122] sec, size [10.452]kb
[2020-09-14 11:22:17.693][debug][script.service:598]: Compile VM[file:///c%3A/Users/alihs/AppData/Roaming/Sublime%20Text/Packages/LSP-lua/script/vm/emmy.lua] takes: 0.575 sec
[2020-09-14 11:22:18.550][debug][script.service:598]: Compile VM[file:///c%3A/Users/alihs/AppData/Roaming/Sublime%20Text/Packages/LSP-lua/script/vm/library.lua] takes: 0.370 sec
[2020-09-14 11:22:18.810][warn][script.service:560]: Compile Ast[file:///c%3A/Users/alihs/AppData/Roaming/Sublime%20Text/Packages/LSP-lua/script/method/textDocument/completion.lua] takes [0.212] sec, size [4.669]kb
[2020-09-14 11:22:19.425][warn][script.service:560]: Compile Ast[file:///c%3A/Users/alihs/AppData/Roaming/Sublime%20Text/Packages/LSP-lua/script/core/completion.lua] takes [0.163] sec, size [39.025]kb
[2020-09-14 11:22:21.909][debug][script.service:598]: Compile VM[file:///c%3A/Users/alihs/AppData/Roaming/Sublime%20Text/Packages/LSP-lua/script/core/completion.lua] takes: 2.421 sec
[2020-09-14 11:22:22.956][warn][script.service:560]: Compile Ast[file:///c%3A/Users/alihs/AppData/Roaming/Sublime%20Text/Packages/LSP-lua/script/rbxapi.lua] takes [0.386] sec, size [44.434]kb
[2020-09-14 11:22:23.934][debug][script.service:598]: Compile VM[file:///c%3A/Users/alihs/AppData/Roaming/Sublime%20Text/Packages/LSP-lua/script/rbxapi.lua] takes: 0.922 sec
[2020-09-14 11:22:24.481][debug][script.service:598]: Compile VM[file:///c%3A/Users/alihs/AppData/Roaming/Sublime%20Text/Packages/LSP-lua/script/xml.lua] takes: 0.426 sec
[2020-09-14 11:22:24.981][warn][script.service:560]: Compile Ast[file:///c%3A/Users/alihs/AppData/Roaming/Sublime%20Text/Packages/LSP-lua/script/json.lua] takes [0.363] sec, size [12.167]kb
[2020-09-14 11:22:25.318][debug][script.service:598]: Compile VM[file:///c%3A/Users/alihs/AppData/Roaming/Sublime%20Text/Packages/LSP-lua/script/json.lua] takes: 0.305 sec
[2020-09-14 11:22:26.034][warn][script.service:560]: Compile Ast[file:///c%3A/Users/alihs/AppData/Roaming/Sublime%20Text/Packages/LSP-lua/script/core/diagnostics.lua] takes [0.179] sec, size [45.061]kb
[2020-09-14 11:22:30.270][debug][script.service:598]: Compile VM[file:///c%3A/Users/alihs/AppData/Roaming/Sublime%20Text/Packages/LSP-lua/script/core/diagnostics.lua] takes: 2.515 sec
[2020-09-14 11:22:30.587][debug][script.service:598]: Compile VM[file:///c%3A/Users/alihs/AppData/Roaming/Sublime%20Text/Packages/LSP-lua/script/constant/DiagnosticDefaultSeverity.lua] takes: 0.279 sec
[2020-09-14 11:22:31.143][debug][script.service:598]: Compile VM[file:///c%3A/Users/alihs/AppData/Roaming/Sublime%20Text/Packages/LSP-lua/script/core/hover/function.lua] takes: 0.219 sec
[2020-09-14 11:22:31.780][debug][script.service:598]: Compile VM[file:///c%3A/Users/alihs/AppData/Roaming/Sublime%20Text/Packages/LSP-lua/script/async/loadfile.lua] takes: 0.369 sec
[2020-09-14 11:22:35.309][debug][script.service:598]: Compile VM[file:///c%3A/Users/alihs/AppData/Roaming/Sublime%20Text/Packages/LSP-lua/script/vm/vm.lua] takes: 2.585 sec
[2020-09-14 11:22:35.779][debug][script.service:598]: Compile VM[file:///c%3A/Users/alihs/AppData/Roaming/Sublime%20Text/Packages/LSP-lua/script/vm/label.lua] takes: 0.321 sec
[2020-09-14 11:22:35.967][warn][script.service:560]: Compile Ast[file:///c%3A/Users/alihs/AppData/Roaming/Sublime%20Text/Packages/LSP-lua/script/vm/module.lua] takes [0.159] sec, size [1.227]kb
[2020-09-14 11:22:36.267][debug][script.service:598]: Compile VM[file:///c%3A/Users/alihs/AppData/Roaming/Sublime%20Text/Packages/LSP-lua/script/vm/module.lua] takes: 0.211 sec
[2020-09-14 11:22:38.093][debug][script.service:598]: Compile VM[file:///c%3A/Users/alihs/AppData/Roaming/Sublime%20Text/Packages/LSP-lua/script/core/definition.lua] takes: 0.534 sec
[2020-09-14 11:22:38.639][debug][script.service:598]: Compile VM[file:///c%3A/Users/alihs/AppData/Roaming/Sublime%20Text/Packages/LSP-lua/script/vm/ipairs.lua] takes: 0.438 sec
[2020-09-14 11:22:38.986][warn][script.service:560]: Compile Ast[file:///c%3A/Users/alihs/AppData/Roaming/Sublime%20Text/Packages/LSP-lua/script/vm/special.lua] takes [0.280] sec, size [4.078]kb
[2020-09-14 11:22:40.193][debug][script.service:598]: Compile VM[file:///c%3A/Users/alihs/AppData/Roaming/Sublime%20Text/Packages/LSP-lua/script/vm/special.lua] takes: 1.206 sec
[2020-09-14 11:22:40.919][debug][script.service:598]: Compile VM[file:///c%3A/Users/alihs/AppData/Roaming/Sublime%20Text/Packages/LSP-lua/script/method/initialize.lua] takes: 0.532 sec
[2020-09-14 11:22:41.279][debug][script.service:598]: Compile VM[file:///c%3A/Users/alihs/AppData/Roaming/Sublime%20Text/Packages/LSP-lua/script/method/textDocument/documentHighlight.lua] takes: 0.358 sec
[2020-09-14 11:22:42.374][debug][script.service:598]: Compile VM[file:///c%3A/Users/alihs/AppData/Roaming/Sublime%20Text/Packages/LSP-lua/script/core/hover/emmy_function.lua] takes: 0.333 sec
[2020-09-14 11:22:42.867][debug][script.service:598]: Compile VM[file:///c%3A/Users/alihs/AppData/Roaming/Sublime%20Text/Packages/LSP-lua/script/core/signature.lua] takes: 0.340 sec
[2020-09-14 11:22:43.233][warn][script.service:560]: Compile Ast[file:///c%3A/Users/alihs/AppData/Roaming/Sublime%20Text/Packages/LSP-lua/script/config.lua] takes [0.215] sec, size [5.824]kb
[2020-09-14 11:22:43.721][debug][script.service:598]: Compile VM[file:///c%3A/Users/alihs/AppData/Roaming/Sublime%20Text/Packages/LSP-lua/script/config.lua] takes: 0.315 sec
[2020-09-14 11:22:43.855][warn][script.service:560]: Compile Ast[file:///c%3A/Users/alihs/AppData/Roaming/Sublime%20Text/Packages/LSP-lua/script/rpc.lua] takes [0.105] sec, size [2.217]kb
[2020-09-14 11:22:44.385][warn][script.service:560]: Compile Ast[file:///c%3A/Users/alihs/AppData/Roaming/Sublime%20Text/Packages/LSP-lua/script/method/textDocument/implementation.lua] takes [0.311] sec, size [3.032]kb
[2020-09-14 11:22:44.864][warn][script.service:560]: Compile Ast[file:///c%3A/Users/alihs/AppData/Roaming/Sublime%20Text/Packages/LSP-lua/script/build_package.lua] takes [0.166] sec, size [16.738]kb
[2020-09-14 11:22:45.412][debug][script.service:598]: Compile VM[file:///c%3A/Users/alihs/AppData/Roaming/Sublime%20Text/Packages/LSP-lua/script/build_package.lua] takes: 0.537 sec
[2020-09-14 11:22:45.674][debug][script.service:598]: Compile VM[file:///c%3A/Users/alihs/AppData/Roaming/Sublime%20Text/Packages/LSP-lua/script/method/workspace/didChangeConfiguration.lua] takes: 0.260 sec
[2020-09-14 11:22:46.521][warn][script.service:560]: Compile Ast[file:///c%3A/Users/alihs/AppData/Roaming/Sublime%20Text/Packages/LSP-lua/script/timer.lua] takes [0.455] sec, size [5.712]kb
[2020-09-14 11:22:47.194][debug][script.service:598]: Compile VM[file:///c%3A/Users/alihs/AppData/Roaming/Sublime%20Text/Packages/LSP-lua/script/timer.lua] takes: 0.400 sec
[2020-09-14 11:22:47.377][warn][script.service:560]: Compile Ast[file:///c%3A/Users/alihs/AppData/Roaming/Sublime%20Text/Packages/LSP-lua/script/async/async.lua] takes [0.133] sec, size [3.210]kb
[2020-09-14 11:22:47.731][warn][script.service:560]: Compile Ast[file:///c%3A/Users/alihs/AppData/Roaming/Sublime%20Text/Packages/LSP-lua/script/async/scanfiles.lua] takes [0.179] sec, size [1.468]kb
[2020-09-14 11:22:48.512][warn][script.service:560]: Compile Ast[file:///c%3A/Users/alihs/AppData/Roaming/Sublime%20Text/Packages/LSP-lua/script/glob/glob.lua] takes [0.514] sec, size [3.406]kb
[2020-09-14 11:22:48.866][debug][script.service:598]: Compile VM[file:///c%3A/Users/alihs/AppData/Roaming/Sublime%20Text/Packages/LSP-lua/script/glob/glob.lua] takes: 0.315 sec
[2020-09-14 11:22:49.443][warn][script.service:560]: Compile Ast[file:///c%3A/Users/alihs/AppData/Roaming/Sublime%20Text/Packages/LSP-lua/script/glob/matcher.lua] takes [0.379] sec, size [3.405]kb
[2020-09-14 11:22:49.785][debug][script.service:598]: Compile VM[file:///c%3A/Users/alihs/AppData/Roaming/Sublime%20Text/Packages/LSP-lua/script/glob/matcher.lua] takes: 0.285 sec
[2020-09-14 11:22:50.603][warn][script.service:560]: Compile Ast[file:///c%3A/Users/alihs/AppData/Roaming/Sublime%20Text/Packages/LSP-lua/script/method/textDocument/publishDiagnostics.lua] takes [0.705] sec, size [5.111]kb
[2020-09-14 11:23:11.370][debug][script.service:598]: Compile VM[file:///c%3A/Users/alihs/AppData/Roaming/Sublime%20Text/Packages/LSP-lua/script/method/textDocument/publishDiagnostics.lua] takes: 0.266 sec
[2020-09-14 11:23:11.929][debug][script.service:598]: Compile VM[file:///c%3A/Users/alihs/AppData/Roaming/Sublime%20Text/Packages/LSP-lua/script/plugin.lua] takes: 0.510 sec
[2020-09-14 11:23:12.839][debug][script.service:598]: Compile VM[file:///c%3A/Users/alihs/AppData/Roaming/Sublime%20Text/Packages/LSP-lua/script/method/workspace/executeCommand.lua] takes: 0.869 sec
[2020-09-14 11:23:14.436][error][script.vm.value:416]: ...oaming/Sublime Text/Packages/LSP-lua/script/vm\value.lua:416: bad argument #1 to 'for iterator' (table expected, got nil)
stack traceback:
	...oaming/Sublime Text/Packages/LSP-lua/script/vm\value.lua:416: in method 'mergeInfo'
	...oaming/Sublime Text/Packages/LSP-lua/script/vm\value.lua:444: in method 'mergeValue'
	...oaming/Sublime Text/Packages/LSP-lua/script/vm\value.lua:666: in upvalue 'callback'
	...g/Sublime Text/Packages/LSP-lua/script/emmy\typeUnit.lua:23: in local 'callback'
	...ng/Sublime Text/Packages/LSP-lua/script/emmy\manager.lua:51: in function <...ng/Sublime Text/Packages/LSP-lua/script/emmy\manager.lua:43>
	(...tail calls...)
	...g/Sublime Text/Packages/LSP-lua/script/emmy\typeUnit.lua:21: in method 'getClass'
	...aming/Sublime Text/Packages/LSP-lua/script/emmy\type.lua:36: in method 'eachClass'
	...oaming/Sublime Text/Packages/LSP-lua/script/vm\value.lua:664: in method 'setEmmy'
	...oaming/Sublime Text/Packages/LSP-lua/script/vm\local.lua:155: in method 'setEmmy'
	...a/Roaming/Sublime Text/Packages/LSP-lua/script/vm\vm.lua:1319: in function 'vm.manager.createLocal'
	...	(skipping 5 levels)
	...a/Roaming/Sublime Text/Packages/LSP-lua/script/vm\vm.lua:1179: in function 'vm.manager.doAction'
	...a/Roaming/Sublime Text/Packages/LSP-lua/script/vm\vm.lua:1201: in function 'vm.manager.doActions'
	...a/Roaming/Sublime Text/Packages/LSP-lua/script/vm\vm.lua:142: in function 'vm.manager.runFunction'
	...a/Roaming/Sublime Text/Packages/LSP-lua/script/vm\vm.lua:1221: in function 'vm.manager.callLeftFuncions'
	...a/Roaming/Sublime Text/Packages/LSP-lua/script/vm\vm.lua:1413: in function <...a/Roaming/Sublime Text/Packages/LSP-lua/script/vm\vm.lua:1400>
	[C]: in function 'xpcall'
	...a/Roaming/Sublime Text/Packages/LSP-lua/script/vm\vm.lua:1434: in function 'vm'
	...Roaming/Sublime Text/Packages/LSP-lua/script/service.lua:568: in method 'compileVM'
	...Roaming/Sublime Text/Packages/LSP-lua/script/service.lua:761: in function <...Roaming/Sublime Text/Packages/LSP-lua/script/service.lua:761>
	[C]: in function 'pcall'
	...Roaming/Sublime Text/Packages/LSP-lua/script/service.lua:761: in function <...Roaming/Sublime Text/Packages/LSP-lua/script/service.lua:756>
[2020-09-14 11:23:14.494][debug][script.service:598]: Compile VM[file:///c%3A/Users/alihs/AppData/Roaming/Sublime%20Text/Packages/LSP-lua/script/vm/value.lua] takes: 0.582 sec
[2020-09-14 11:23:15.696][debug][script.service:598]: Compile VM[file:///c%3A/Users/alihs/AppData/Roaming/Sublime%20Text/Packages/LSP-lua/script/service.lua] takes: 0.238 sec
[2020-09-14 11:23:16.427][debug][script.service:886]: collectgarbage: 	0.273
[2020-09-14 11:23:16.482][debug][script.service:957]: 
State
Main Mem:  [103507.333]kb
#001 Mem:  [77.666]kb
#002 Mem:  [74.971]kb
#003 Mem:  [90.259]kb
-------------------
CachedVM:  [143]
AlivedVM:  [143]
DeadVM:    [0]
-------------------
CachedSrc: [105201]
AlivedSrc: [106100]
DeadSrc:   [0]
-------------------
CachedFunc:[1593]
AlivedFunc:[1748]
DeadFunc:  [0]
-------------------
TotalVal:  [25365]
DeadVal:   [2628]
-------------------
TotalLoc:  [7002]
TotalEmmy: [287]

[2020-09-14 11:23:16.482][debug][script.service:999]: test memory: 	0.055
[2020-09-14 11:23:19.120][debug][script.service:125]: clearDiagnostics	file:///c%3A/Users/alihs/AppData/Roaming/Sublime%20Text/Packages/LSP-lua/script/vm/value.lua
[2020-09-14 11:24:10.679][debug][script.service:598]: Compile VM[file:///C:/Users/alihs/AppData/Roaming/Sublime%20Text/Packages/LSP-lua/main.lua] takes: 0.526 sec
[2020-09-14 11:24:10.697][debug][script.service:65]: Task [textDocument/completion] takes [0.546]sec.
[2020-09-14 11:24:10.954][debug][script.service:598]: Compile VM[file:///c%3A/Users/alihs/AppData/Roaming/Sublime%20Text/Packages/LSP-lua/script/core/signature.lua] takes: 0.248 sec
[2020-09-14 11:24:11.545][debug][script.service:598]: Compile VM[file:///c%3A/Users/alihs/AppData/Roaming/Sublime%20Text/Packages/LSP-lua/script/core/signature.lua] takes: 0.217 sec
[2020-09-14 11:24:12.717][debug][script.service:598]: Compile VM[file:///c%3A/Users/alihs/AppData/Roaming/Sublime%20Text/Packages/LSP-lua/script/rbxapi.lua] takes: 0.228 sec
[2020-09-14 11:24:15.933][debug][script.service:598]: Compile VM[file:///c%3A/Users/alihs/AppData/Roaming/Sublime%20Text/Packages/LSP-lua/script/core/completion.lua] takes: 0.421 sec
[2020-09-14 11:24:18.269][debug][script.service:598]: Compile VM[file:///c%3A/Users/alihs/AppData/Roaming/Sublime%20Text/Packages/LSP-lua/script/rbxapi.lua] takes: 0.207 sec
[2020-09-14 11:24:20.406][warn][script.service:560]: Compile Ast[file:///c%3A/Users/alihs/AppData/Roaming/Sublime%20Text/Packages/LSP-lua/script/parser/ast.lua] takes [0.450] sec, size [62.864]kb
[2020-09-14 11:24:21.004][warn][script.service:560]: Compile Ast[file:///c%3A/Users/alihs/AppData/Roaming/Sublime%20Text/Packages/LSP-lua/script/core/diagnostics.lua] takes [0.127] sec, size [45.061]kb
[2020-09-14 11:24:21.737][debug][script.service:598]: Compile VM[file:///c%3A/Users/alihs/AppData/Roaming/Sublime%20Text/Packages/LSP-lua/script/vm/vm.lua] takes: 0.242 sec
[2020-09-14 11:24:23.854][warn][script.service:560]: Compile Ast[file:///c%3A/Users/alihs/AppData/Roaming/Sublime%20Text/Packages/LSP-lua/script/utility.lua] takes [0.104] sec, size [6.393]kb
[2020-09-14 11:24:24.126][debug][script.service:598]: Compile VM[file:///c%3A/Users/alihs/AppData/Roaming/Sublime%20Text/Packages/LSP-lua/script/service.lua] takes: 0.214 sec
[2020-09-14 11:24:24.888][debug][script.service:886]: collectgarbage: 	0.312
[2020-09-14 11:24:24.940][debug][script.service:957]: 
State
Main Mem:  [105417.533]kb
#001 Mem:  [72.007]kb
#002 Mem:  [74.971]kb
#003 Mem:  [90.259]kb
-------------------
CachedVM:  [144]
AlivedVM:  [144]
DeadVM:    [0]
-------------------
CachedSrc: [108196]
AlivedSrc: [109095]
DeadSrc:   [0]
-------------------
CachedFunc:[1635]
AlivedFunc:[1790]
DeadFunc:  [0]
-------------------
TotalVal:  [26013]
DeadVal:   [2566]
-------------------
TotalLoc:  [7202]
TotalEmmy: [290]

[2020-09-14 11:24:24.940][debug][script.service:999]: test memory: 	0.052
[2020-09-14 11:24:28.907][warn][script.service:560]: Compile Ast[file:///c%3A/Users/alihs/AppData/Roaming/Sublime%20Text/Packages/LSP-lua/script/vm/vm.lua] takes [0.241] sec, size [42.169]kb
[2020-09-14 11:24:29.160][debug][script.service:598]: Compile VM[file:///c%3A/Users/alihs/AppData/Roaming/Sublime%20Text/Packages/LSP-lua/script/vm/vm.lua] takes: 0.246 sec
[2020-09-14 11:24:30.915][error][script.vm.value:416]: ...oaming/Sublime Text/Packages/LSP-lua/script/vm\value.lua:416: bad argument #1 to 'for iterator' (table expected, got nil)
stack traceback:
	...oaming/Sublime Text/Packages/LSP-lua/script/vm\value.lua:416: in method 'mergeInfo'
	...oaming/Sublime Text/Packages/LSP-lua/script/vm\value.lua:444: in method 'mergeValue'
	...oaming/Sublime Text/Packages/LSP-lua/script/vm\value.lua:666: in upvalue 'callback'
	...g/Sublime Text/Packages/LSP-lua/script/emmy\typeUnit.lua:23: in local 'callback'
	...ng/Sublime Text/Packages/LSP-lua/script/emmy\manager.lua:51: in function <...ng/Sublime Text/Packages/LSP-lua/script/emmy\manager.lua:43>
	(...tail calls...)
	...g/Sublime Text/Packages/LSP-lua/script/emmy\typeUnit.lua:21: in method 'getClass'
	...aming/Sublime Text/Packages/LSP-lua/script/emmy\type.lua:36: in method 'eachClass'
	...oaming/Sublime Text/Packages/LSP-lua/script/vm\value.lua:664: in method 'setEmmy'
	...oaming/Sublime Text/Packages/LSP-lua/script/vm\local.lua:155: in method 'setEmmy'
	...a/Roaming/Sublime Text/Packages/LSP-lua/script/vm\vm.lua:1319: in function 'vm.manager.createLocal'
	...	(skipping 5 levels)
	...a/Roaming/Sublime Text/Packages/LSP-lua/script/vm\vm.lua:1179: in function 'vm.manager.doAction'
	...a/Roaming/Sublime Text/Packages/LSP-lua/script/vm\vm.lua:1201: in function 'vm.manager.doActions'
	...a/Roaming/Sublime Text/Packages/LSP-lua/script/vm\vm.lua:142: in function 'vm.manager.runFunction'
	...a/Roaming/Sublime Text/Packages/LSP-lua/script/vm\vm.lua:1221: in function 'vm.manager.callLeftFuncions'
	...a/Roaming/Sublime Text/Packages/LSP-lua/script/vm\vm.lua:1413: in function <...a/Roaming/Sublime Text/Packages/LSP-lua/script/vm\vm.lua:1400>
	[C]: in function 'xpcall'
	...a/Roaming/Sublime Text/Packages/LSP-lua/script/vm\vm.lua:1434: in function 'vm'
	...Roaming/Sublime Text/Packages/LSP-lua/script/service.lua:568: in method 'compileVM'
	...Roaming/Sublime Text/Packages/LSP-lua/script/service.lua:761: in function <...Roaming/Sublime Text/Packages/LSP-lua/script/service.lua:761>
	[C]: in function 'pcall'
	...Roaming/Sublime Text/Packages/LSP-lua/script/service.lua:761: in function <...Roaming/Sublime Text/Packages/LSP-lua/script/service.lua:756>
[2020-09-14 11:24:32.620][info][script.method.shutdown:2]: Server shutdown.
[2020-09-14 11:24:32.623][info][script.method.exit:2]: Server exited.
